{"/Users/prabhas/Downloads/farmer-marketplace-backend/src/app.js": {"path":"/Users/prabhas/Downloads/farmer-marketplace-backend/src/app.js","statementMap":{"0":{"start":{"line":1,"column":16},"end":{"line":1,"column":34}},"1":{"start":{"line":2,"column":18},"end":{"line":2,"column":40}},"2":{"start":{"line":3,"column":0},"end":{"line":3,"column":27}},"3":{"start":{"line":5,"column":12},"end":{"line":5,"column":21}},"4":{"start":{"line":6,"column":0},"end":{"line":6,"column":24}},"5":{"start":{"line":8,"column":0},"end":{"line":10,"column":1}},"6":{"start":{"line":9,"column":2},"end":{"line":9,"column":14}},"7":{"start":{"line":12,"column":0},"end":{"line":14,"column":3}},"8":{"start":{"line":13,"column":2},"end":{"line":13,"column":46}},"9":{"start":{"line":16,"column":19},"end":{"line":16,"column":49}},"10":{"start":{"line":17,"column":24},"end":{"line":17,"column":59}},"11":{"start":{"line":19,"column":0},"end":{"line":19,"column":34}},"12":{"start":{"line":20,"column":0},"end":{"line":20,"column":65}},"13":{"start":{"line":21,"column":0},"end":{"line":21,"column":53}},"14":{"start":{"line":22,"column":0},"end":{"line":22,"column":60}},"15":{"start":{"line":24,"column":0},"end":{"line":24,"column":55}},"16":{"start":{"line":25,"column":0},"end":{"line":25,"column":63}},"17":{"start":{"line":26,"column":0},"end":{"line":26,"column":63}},"18":{"start":{"line":27,"column":0},"end":{"line":27,"column":53}},"19":{"start":{"line":28,"column":0},"end":{"line":28,"column":54}},"20":{"start":{"line":29,"column":0},"end":{"line":29,"column":43}},"21":{"start":{"line":31,"column":0},"end":{"line":31,"column":21}}},"fnMap":{"0":{"name":"(anonymous_0)","decl":{"start":{"line":12,"column":13},"end":{"line":12,"column":14}},"loc":{"start":{"line":12,"column":27},"end":{"line":14,"column":1}},"line":12}},"branchMap":{"0":{"loc":{"start":{"line":8,"column":0},"end":{"line":10,"column":1}},"type":"if","locations":[{"start":{"line":8,"column":0},"end":{"line":10,"column":1}},{"start":{},"end":{}}],"line":8}},"s":{"0":1,"1":1,"2":1,"3":1,"4":1,"5":1,"6":0,"7":1,"8":0,"9":1,"10":1,"11":1,"12":1,"13":1,"14":1,"15":1,"16":1,"17":1,"18":1,"19":1,"20":1,"21":1},"f":{"0":0},"b":{"0":[0,1]},"_coverageSchema":"1a1c01bbd47fc00a2c39e90264f33305004495a9","hash":"17fa2dee00966913217eb004173f45f55eca6832"}
,"/Users/prabhas/Downloads/farmer-marketplace-backend/src/config/db.js": {"path":"/Users/prabhas/Downloads/farmer-marketplace-backend/src/config/db.js","statementMap":{"0":{"start":{"line":1,"column":17},"end":{"line":1,"column":36}},"1":{"start":{"line":3,"column":18},"end":{"line":11,"column":1}},"2":{"start":{"line":4,"column":2},"end":{"line":10,"column":3}},"3":{"start":{"line":5,"column":4},"end":{"line":5,"column":50}},"4":{"start":{"line":6,"column":4},"end":{"line":6,"column":43}},"5":{"start":{"line":8,"column":4},"end":{"line":8,"column":51}},"6":{"start":{"line":9,"column":4},"end":{"line":9,"column":20}},"7":{"start":{"line":13,"column":0},"end":{"line":13,"column":27}}},"fnMap":{"0":{"name":"(anonymous_0)","decl":{"start":{"line":3,"column":18},"end":{"line":3,"column":19}},"loc":{"start":{"line":3,"column":30},"end":{"line":11,"column":1}},"line":3}},"branchMap":{},"s":{"0":1,"1":1,"2":0,"3":0,"4":0,"5":0,"6":0,"7":1},"f":{"0":0},"b":{},"_coverageSchema":"1a1c01bbd47fc00a2c39e90264f33305004495a9","hash":"7674d9a79bd9f61921eae1ba7999ed0a70691ff5"}
,"/Users/prabhas/Downloads/farmer-marketplace-backend/src/controllers/analyticsController.js": {"path":"/Users/prabhas/Downloads/farmer-marketplace-backend/src/controllers/analyticsController.js","statementMap":{"0":{"start":{"line":1,"column":24},"end":{"line":1,"column":48}},"1":{"start":{"line":2,"column":19},"end":{"line":2,"column":50}},"2":{"start":{"line":8,"column":0},"end":{"line":102,"column":2}},"3":{"start":{"line":9,"column":4},"end":{"line":101,"column":5}},"4":{"start":{"line":10,"column":40},"end":{"line":10,"column":49}},"5":{"start":{"line":12,"column":8},"end":{"line":14,"column":9}},"6":{"start":{"line":13,"column":12},"end":{"line":13,"column":111}},"7":{"start":{"line":16,"column":23},"end":{"line":16,"column":49}},"8":{"start":{"line":17,"column":8},"end":{"line":22,"column":9}},"9":{"start":{"line":18,"column":12},"end":{"line":21,"column":15}},"10":{"start":{"line":25,"column":19},"end":{"line":25,"column":54}},"11":{"start":{"line":27,"column":23},"end":{"line":46,"column":2}},"12":{"start":{"line":49,"column":25},"end":{"line":56,"column":10}},"13":{"start":{"line":59,"column":8},"end":{"line":63,"column":9}},"14":{"start":{"line":60,"column":12},"end":{"line":60,"column":47}},"15":{"start":{"line":62,"column":12},"end":{"line":62,"column":64}},"16":{"start":{"line":67,"column":8},"end":{"line":81,"column":9}},"17":{"start":{"line":68,"column":12},"end":{"line":68,"column":84}},"18":{"start":{"line":70,"column":28},"end":{"line":77,"column":15}},"19":{"start":{"line":70,"column":56},"end":{"line":77,"column":13}},"20":{"start":{"line":78,"column":12},"end":{"line":78,"column":49}},"21":{"start":{"line":80,"column":12},"end":{"line":80,"column":74}},"22":{"start":{"line":83,"column":8},"end":{"line":92,"column":11}},"23":{"start":{"line":95,"column":8},"end":{"line":95,"column":51}},"24":{"start":{"line":96,"column":8},"end":{"line":100,"column":11}}},"fnMap":{"0":{"name":"(anonymous_0)","decl":{"start":{"line":8,"column":27},"end":{"line":8,"column":28}},"loc":{"start":{"line":8,"column":47},"end":{"line":102,"column":1}},"line":8},"1":{"name":"(anonymous_1)","decl":{"start":{"line":70,"column":50},"end":{"line":70,"column":51}},"loc":{"start":{"line":70,"column":56},"end":{"line":77,"column":13}},"line":70}},"branchMap":{"0":{"loc":{"start":{"line":10,"column":27},"end":{"line":10,"column":35}},"type":"default-arg","locations":[{"start":{"line":10,"column":34},"end":{"line":10,"column":35}}],"line":10},"1":{"loc":{"start":{"line":12,"column":8},"end":{"line":14,"column":9}},"type":"if","locations":[{"start":{"line":12,"column":8},"end":{"line":14,"column":9}},{"start":{},"end":{}}],"line":12},"2":{"loc":{"start":{"line":12,"column":12},"end":{"line":12,"column":27}},"type":"binary-expr","locations":[{"start":{"line":12,"column":12},"end":{"line":12,"column":17}},{"start":{"line":12,"column":21},"end":{"line":12,"column":27}}],"line":12},"3":{"loc":{"start":{"line":17,"column":8},"end":{"line":22,"column":9}},"type":"if","locations":[{"start":{"line":17,"column":8},"end":{"line":22,"column":9}},{"start":{},"end":{}}],"line":17}},"s":{"0":1,"1":1,"2":1,"3":2,"4":2,"5":2,"6":1,"7":1,"8":1,"9":0,"10":1,"11":1,"12":1,"13":1,"14":1,"15":0,"16":1,"17":1,"18":1,"19":2,"20":1,"21":0,"22":1,"23":0,"24":0},"f":{"0":2,"1":2},"b":{"0":[1],"1":[1,1],"2":[2,1],"3":[0,1]},"_coverageSchema":"1a1c01bbd47fc00a2c39e90264f33305004495a9","hash":"a005dc702b01a4a89a605f1dc5c508012ab95f79"}
,"/Users/prabhas/Downloads/farmer-marketplace-backend/src/controllers/auctionController.js": {"path":"/Users/prabhas/Downloads/farmer-marketplace-backend/src/controllers/auctionController.js","statementMap":{"0":{"start":{"line":1,"column":16},"end":{"line":1,"column":44}},"1":{"start":{"line":4,"column":0},"end":{"line":20,"column":2}},"2":{"start":{"line":5,"column":2},"end":{"line":19,"column":3}},"3":{"start":{"line":6,"column":20},"end":{"line":11,"column":6}},"4":{"start":{"line":13,"column":4},"end":{"line":16,"column":7}},"5":{"start":{"line":18,"column":4},"end":{"line":18,"column":49}},"6":{"start":{"line":23,"column":0},"end":{"line":60,"column":2}},"7":{"start":{"line":24,"column":2},"end":{"line":59,"column":3}},"8":{"start":{"line":25,"column":20},"end":{"line":25,"column":57}},"9":{"start":{"line":27,"column":4},"end":{"line":29,"column":5}},"10":{"start":{"line":28,"column":6},"end":{"line":28,"column":68}},"11":{"start":{"line":30,"column":4},"end":{"line":34,"column":5}},"12":{"start":{"line":31,"column":6},"end":{"line":33,"column":9}},"13":{"start":{"line":37,"column":4},"end":{"line":37,"column":30}},"14":{"start":{"line":39,"column":4},"end":{"line":48,"column":5}},"15":{"start":{"line":40,"column":22},"end":{"line":42,"column":7}},"16":{"start":{"line":41,"column":8},"end":{"line":41,"column":43}},"17":{"start":{"line":44,"column":6},"end":{"line":47,"column":8}},"18":{"start":{"line":50,"column":4},"end":{"line":50,"column":25}},"19":{"start":{"line":52,"column":4},"end":{"line":56,"column":7}},"20":{"start":{"line":58,"column":4},"end":{"line":58,"column":49}},"21":{"start":{"line":63,"column":0},"end":{"line":91,"column":2}},"22":{"start":{"line":64,"column":2},"end":{"line":90,"column":3}},"23":{"start":{"line":65,"column":53},"end":{"line":65,"column":62}},"24":{"start":{"line":67,"column":18},"end":{"line":67,"column":36}},"25":{"start":{"line":70,"column":4},"end":{"line":72,"column":5}},"26":{"start":{"line":71,"column":6},"end":{"line":71,"column":53}},"27":{"start":{"line":75,"column":4},"end":{"line":77,"column":5}},"28":{"start":{"line":76,"column":6},"end":{"line":76,"column":55}},"29":{"start":{"line":80,"column":4},"end":{"line":84,"column":5}},"30":{"start":{"line":81,"column":6},"end":{"line":81,"column":27}},"31":{"start":{"line":82,"column":6},"end":{"line":82,"column":60}},"32":{"start":{"line":82,"column":20},"end":{"line":82,"column":60}},"33":{"start":{"line":83,"column":6},"end":{"line":83,"column":60}},"34":{"start":{"line":83,"column":20},"end":{"line":83,"column":60}},"35":{"start":{"line":86,"column":21},"end":{"line":86,"column":70}},"36":{"start":{"line":87,"column":4},"end":{"line":87,"column":23}},"37":{"start":{"line":89,"column":4},"end":{"line":89,"column":49}},"38":{"start":{"line":94,"column":0},"end":{"line":102,"column":2}},"39":{"start":{"line":95,"column":2},"end":{"line":101,"column":3}},"40":{"start":{"line":96,"column":23},"end":{"line":97,"column":32}},"41":{"start":{"line":98,"column":4},"end":{"line":98,"column":25}},"42":{"start":{"line":100,"column":4},"end":{"line":100,"column":49}}},"fnMap":{"0":{"name":"(anonymous_0)","decl":{"start":{"line":4,"column":24},"end":{"line":4,"column":25}},"loc":{"start":{"line":4,"column":44},"end":{"line":20,"column":1}},"line":4},"1":{"name":"(anonymous_1)","decl":{"start":{"line":23,"column":23},"end":{"line":23,"column":24}},"loc":{"start":{"line":23,"column":43},"end":{"line":60,"column":1}},"line":23},"2":{"name":"(anonymous_2)","decl":{"start":{"line":40,"column":42},"end":{"line":40,"column":43}},"loc":{"start":{"line":41,"column":8},"end":{"line":41,"column":43}},"line":41},"3":{"name":"(anonymous_3)","decl":{"start":{"line":63,"column":22},"end":{"line":63,"column":23}},"loc":{"start":{"line":63,"column":42},"end":{"line":91,"column":1}},"line":63},"4":{"name":"(anonymous_4)","decl":{"start":{"line":94,"column":20},"end":{"line":94,"column":21}},"loc":{"start":{"line":94,"column":40},"end":{"line":102,"column":1}},"line":94}},"branchMap":{"0":{"loc":{"start":{"line":27,"column":4},"end":{"line":29,"column":5}},"type":"if","locations":[{"start":{"line":27,"column":4},"end":{"line":29,"column":5}},{"start":{},"end":{}}],"line":27},"1":{"loc":{"start":{"line":30,"column":4},"end":{"line":34,"column":5}},"type":"if","locations":[{"start":{"line":30,"column":4},"end":{"line":34,"column":5}},{"start":{},"end":{}}],"line":30},"2":{"loc":{"start":{"line":39,"column":4},"end":{"line":48,"column":5}},"type":"if","locations":[{"start":{"line":39,"column":4},"end":{"line":48,"column":5}},{"start":{},"end":{}}],"line":39},"3":{"loc":{"start":{"line":41,"column":8},"end":{"line":41,"column":43}},"type":"cond-expr","locations":[{"start":{"line":41,"column":34},"end":{"line":41,"column":37}},{"start":{"line":41,"column":40},"end":{"line":41,"column":43}}],"line":41},"4":{"loc":{"start":{"line":70,"column":4},"end":{"line":72,"column":5}},"type":"if","locations":[{"start":{"line":70,"column":4},"end":{"line":72,"column":5}},{"start":{},"end":{}}],"line":70},"5":{"loc":{"start":{"line":75,"column":4},"end":{"line":77,"column":5}},"type":"if","locations":[{"start":{"line":75,"column":4},"end":{"line":77,"column":5}},{"start":{},"end":{}}],"line":75},"6":{"loc":{"start":{"line":80,"column":4},"end":{"line":84,"column":5}},"type":"if","locations":[{"start":{"line":80,"column":4},"end":{"line":84,"column":5}},{"start":{},"end":{}}],"line":80},"7":{"loc":{"start":{"line":80,"column":8},"end":{"line":80,"column":28}},"type":"binary-expr","locations":[{"start":{"line":80,"column":8},"end":{"line":80,"column":16}},{"start":{"line":80,"column":20},"end":{"line":80,"column":28}}],"line":80},"8":{"loc":{"start":{"line":82,"column":6},"end":{"line":82,"column":60}},"type":"if","locations":[{"start":{"line":82,"column":6},"end":{"line":82,"column":60}},{"start":{},"end":{}}],"line":82},"9":{"loc":{"start":{"line":83,"column":6},"end":{"line":83,"column":60}},"type":"if","locations":[{"start":{"line":83,"column":6},"end":{"line":83,"column":60}},{"start":{},"end":{}}],"line":83}},"s":{"0":1,"1":1,"2":0,"3":0,"4":0,"5":0,"6":1,"7":0,"8":0,"9":0,"10":0,"11":0,"12":0,"13":0,"14":0,"15":0,"16":0,"17":0,"18":0,"19":0,"20":0,"21":1,"22":0,"23":0,"24":0,"25":0,"26":0,"27":0,"28":0,"29":0,"30":0,"31":0,"32":0,"33":0,"34":0,"35":0,"36":0,"37":0,"38":1,"39":0,"40":0,"41":0,"42":0},"f":{"0":0,"1":0,"2":0,"3":0,"4":0},"b":{"0":[0,0],"1":[0,0],"2":[0,0],"3":[0,0],"4":[0,0],"5":[0,0],"6":[0,0],"7":[0,0],"8":[0,0],"9":[0,0]},"_coverageSchema":"1a1c01bbd47fc00a2c39e90264f33305004495a9","hash":"b8c324be6bd5eeaf6417dedea7b03d36093fdb5a"}
,"/Users/prabhas/Downloads/farmer-marketplace-backend/src/controllers/authController.js": {"path":"/Users/prabhas/Downloads/farmer-marketplace-backend/src/controllers/authController.js","statementMap":{"0":{"start":{"line":1,"column":13},"end":{"line":1,"column":38}},"1":{"start":{"line":2,"column":29},"end":{"line":2,"column":64}},"2":{"start":{"line":3,"column":12},"end":{"line":3,"column":35}},"3":{"start":{"line":9,"column":0},"end":{"line":26,"column":2}},"4":{"start":{"line":10,"column":2},"end":{"line":25,"column":3}},"5":{"start":{"line":11,"column":17},"end":{"line":11,"column":44}},"6":{"start":{"line":12,"column":4},"end":{"line":22,"column":7}},"7":{"start":{"line":24,"column":4},"end":{"line":24,"column":49}},"8":{"start":{"line":32,"column":0},"end":{"line":58,"column":2}},"9":{"start":{"line":33,"column":2},"end":{"line":57,"column":3}},"10":{"start":{"line":34,"column":22},"end":{"line":34,"column":30}},"11":{"start":{"line":36,"column":15},"end":{"line":36,"column":44}},"12":{"start":{"line":37,"column":4},"end":{"line":40,"column":5}},"13":{"start":{"line":39,"column":6},"end":{"line":39,"column":42}},"14":{"start":{"line":43,"column":16},"end":{"line":43,"column":70}},"15":{"start":{"line":45,"column":4},"end":{"line":45,"column":19}},"16":{"start":{"line":46,"column":4},"end":{"line":46,"column":29}},"17":{"start":{"line":47,"column":4},"end":{"line":47,"column":22}},"18":{"start":{"line":50,"column":4},"end":{"line":54,"column":7}},"19":{"start":{"line":56,"column":4},"end":{"line":56,"column":49}},"20":{"start":{"line":63,"column":0},"end":{"line":90,"column":2}},"21":{"start":{"line":64,"column":2},"end":{"line":89,"column":3}},"22":{"start":{"line":65,"column":27},"end":{"line":65,"column":35}},"23":{"start":{"line":67,"column":17},"end":{"line":67,"column":46}},"24":{"start":{"line":68,"column":4},"end":{"line":70,"column":5}},"25":{"start":{"line":69,"column":6},"end":{"line":69,"column":62}},"26":{"start":{"line":72,"column":4},"end":{"line":72,"column":28}},"27":{"start":{"line":73,"column":4},"end":{"line":73,"column":20}},"28":{"start":{"line":75,"column":4},"end":{"line":75,"column":22}},"29":{"start":{"line":77,"column":4},"end":{"line":85,"column":7}},"30":{"start":{"line":88,"column":4},"end":{"line":88,"column":49}},"31":{"start":{"line":95,"column":0},"end":{"line":146,"column":2}},"32":{"start":{"line":96,"column":2},"end":{"line":145,"column":3}},"33":{"start":{"line":97,"column":39},"end":{"line":97,"column":47}},"34":{"start":{"line":99,"column":4},"end":{"line":101,"column":5}},"35":{"start":{"line":100,"column":6},"end":{"line":100,"column":109}},"36":{"start":{"line":104,"column":4},"end":{"line":106,"column":5}},"37":{"start":{"line":105,"column":6},"end":{"line":105,"column":95}},"38":{"start":{"line":108,"column":17},"end":{"line":108,"column":46}},"39":{"start":{"line":109,"column":4},"end":{"line":111,"column":5}},"40":{"start":{"line":110,"column":6},"end":{"line":110,"column":81}},"41":{"start":{"line":113,"column":4},"end":{"line":115,"column":5}},"42":{"start":{"line":114,"column":6},"end":{"line":114,"column":91}},"43":{"start":{"line":117,"column":4},"end":{"line":117,"column":21}},"44":{"start":{"line":118,"column":4},"end":{"line":118,"column":21}},"45":{"start":{"line":119,"column":4},"end":{"line":119,"column":24}},"46":{"start":{"line":120,"column":4},"end":{"line":120,"column":45}},"47":{"start":{"line":122,"column":4},"end":{"line":122,"column":22}},"48":{"start":{"line":125,"column":18},"end":{"line":129,"column":5}},"49":{"start":{"line":131,"column":4},"end":{"line":141,"column":7}},"50":{"start":{"line":144,"column":4},"end":{"line":144,"column":49}},"51":{"start":{"line":151,"column":0},"end":{"line":196,"column":2}},"52":{"start":{"line":152,"column":2},"end":{"line":195,"column":3}},"53":{"start":{"line":153,"column":27},"end":{"line":153,"column":35}},"54":{"start":{"line":156,"column":4},"end":{"line":158,"column":5}},"55":{"start":{"line":157,"column":6},"end":{"line":157,"column":95}},"56":{"start":{"line":161,"column":17},"end":{"line":161,"column":66}},"57":{"start":{"line":163,"column":4},"end":{"line":165,"column":5}},"58":{"start":{"line":164,"column":6},"end":{"line":164,"column":86}},"59":{"start":{"line":168,"column":20},"end":{"line":168,"column":49}},"60":{"start":{"line":170,"column":4},"end":{"line":172,"column":5}},"61":{"start":{"line":171,"column":6},"end":{"line":171,"column":86}},"62":{"start":{"line":175,"column":18},"end":{"line":179,"column":5}},"63":{"start":{"line":181,"column":4},"end":{"line":192,"column":7}},"64":{"start":{"line":194,"column":4},"end":{"line":194,"column":49}}},"fnMap":{"0":{"name":"(anonymous_0)","decl":{"start":{"line":9,"column":23},"end":{"line":9,"column":24}},"loc":{"start":{"line":9,"column":43},"end":{"line":26,"column":1}},"line":9},"1":{"name":"(anonymous_1)","decl":{"start":{"line":32,"column":18},"end":{"line":32,"column":19}},"loc":{"start":{"line":32,"column":38},"end":{"line":58,"column":1}},"line":32},"2":{"name":"(anonymous_2)","decl":{"start":{"line":63,"column":20},"end":{"line":63,"column":21}},"loc":{"start":{"line":63,"column":40},"end":{"line":90,"column":1}},"line":63},"3":{"name":"(anonymous_3)","decl":{"start":{"line":95,"column":25},"end":{"line":95,"column":26}},"loc":{"start":{"line":95,"column":45},"end":{"line":146,"column":1}},"line":95},"4":{"name":"(anonymous_4)","decl":{"start":{"line":151,"column":20},"end":{"line":151,"column":21}},"loc":{"start":{"line":151,"column":40},"end":{"line":196,"column":1}},"line":151}},"branchMap":{"0":{"loc":{"start":{"line":37,"column":4},"end":{"line":40,"column":5}},"type":"if","locations":[{"start":{"line":37,"column":4},"end":{"line":40,"column":5}},{"start":{},"end":{}}],"line":37},"1":{"loc":{"start":{"line":68,"column":4},"end":{"line":70,"column":5}},"type":"if","locations":[{"start":{"line":68,"column":4},"end":{"line":70,"column":5}},{"start":{},"end":{}}],"line":68},"2":{"loc":{"start":{"line":68,"column":8},"end":{"line":68,"column":33}},"type":"binary-expr","locations":[{"start":{"line":68,"column":8},"end":{"line":68,"column":13}},{"start":{"line":68,"column":17},"end":{"line":68,"column":33}}],"line":68},"3":{"loc":{"start":{"line":99,"column":4},"end":{"line":101,"column":5}},"type":"if","locations":[{"start":{"line":99,"column":4},"end":{"line":101,"column":5}},{"start":{},"end":{}}],"line":99},"4":{"loc":{"start":{"line":99,"column":8},"end":{"line":99,"column":40}},"type":"binary-expr","locations":[{"start":{"line":99,"column":8},"end":{"line":99,"column":14}},{"start":{"line":99,"column":18},"end":{"line":99,"column":22}},{"start":{"line":99,"column":26},"end":{"line":99,"column":31}},{"start":{"line":99,"column":35},"end":{"line":99,"column":40}}],"line":99},"5":{"loc":{"start":{"line":104,"column":4},"end":{"line":106,"column":5}},"type":"if","locations":[{"start":{"line":104,"column":4},"end":{"line":106,"column":5}},{"start":{},"end":{}}],"line":104},"6":{"loc":{"start":{"line":109,"column":4},"end":{"line":111,"column":5}},"type":"if","locations":[{"start":{"line":109,"column":4},"end":{"line":111,"column":5}},{"start":{},"end":{}}],"line":109},"7":{"loc":{"start":{"line":113,"column":4},"end":{"line":115,"column":5}},"type":"if","locations":[{"start":{"line":113,"column":4},"end":{"line":115,"column":5}},{"start":{},"end":{}}],"line":113},"8":{"loc":{"start":{"line":156,"column":4},"end":{"line":158,"column":5}},"type":"if","locations":[{"start":{"line":156,"column":4},"end":{"line":158,"column":5}},{"start":{},"end":{}}],"line":156},"9":{"loc":{"start":{"line":156,"column":8},"end":{"line":156,"column":22}},"type":"binary-expr","locations":[{"start":{"line":156,"column":8},"end":{"line":156,"column":14}},{"start":{"line":156,"column":18},"end":{"line":156,"column":22}}],"line":156},"10":{"loc":{"start":{"line":163,"column":4},"end":{"line":165,"column":5}},"type":"if","locations":[{"start":{"line":163,"column":4},"end":{"line":165,"column":5}},{"start":{},"end":{}}],"line":163},"11":{"loc":{"start":{"line":170,"column":4},"end":{"line":172,"column":5}},"type":"if","locations":[{"start":{"line":170,"column":4},"end":{"line":172,"column":5}},{"start":{},"end":{}}],"line":170}},"s":{"0":1,"1":1,"2":1,"3":1,"4":0,"5":0,"6":0,"7":0,"8":1,"9":0,"10":0,"11":0,"12":0,"13":0,"14":0,"15":0,"16":0,"17":0,"18":0,"19":0,"20":1,"21":0,"22":0,"23":0,"24":0,"25":0,"26":0,"27":0,"28":0,"29":0,"30":0,"31":1,"32":0,"33":0,"34":0,"35":0,"36":0,"37":0,"38":0,"39":0,"40":0,"41":0,"42":0,"43":0,"44":0,"45":0,"46":0,"47":0,"48":0,"49":0,"50":0,"51":1,"52":0,"53":0,"54":0,"55":0,"56":0,"57":0,"58":0,"59":0,"60":0,"61":0,"62":0,"63":0,"64":0},"f":{"0":0,"1":0,"2":0,"3":0,"4":0},"b":{"0":[0,0],"1":[0,0],"2":[0,0],"3":[0,0],"4":[0,0,0,0],"5":[0,0],"6":[0,0],"7":[0,0],"8":[0,0],"9":[0,0],"10":[0,0],"11":[0,0]},"_coverageSchema":"1a1c01bbd47fc00a2c39e90264f33305004495a9","hash":"9113f4f1400d95566e5b6fd3322cdfdfc4e7b361"}
,"/Users/prabhas/Downloads/farmer-marketplace-backend/src/controllers/chatController.js": {"path":"/Users/prabhas/Downloads/farmer-marketplace-backend/src/controllers/chatController.js","statementMap":{"0":{"start":{"line":1,"column":13},"end":{"line":1,"column":38}},"1":{"start":{"line":2,"column":13},"end":{"line":2,"column":38}},"2":{"start":{"line":5,"column":0},"end":{"line":39,"column":2}},"3":{"start":{"line":6,"column":4},"end":{"line":38,"column":5}},"4":{"start":{"line":7,"column":40},"end":{"line":7,"column":48}},"5":{"start":{"line":8,"column":25},"end":{"line":8,"column":37}},"6":{"start":{"line":10,"column":8},"end":{"line":12,"column":9}},"7":{"start":{"line":11,"column":12},"end":{"line":11,"column":78}},"8":{"start":{"line":15,"column":20},"end":{"line":17,"column":9}},"9":{"start":{"line":19,"column":8},"end":{"line":21,"column":9}},"10":{"start":{"line":20,"column":12},"end":{"line":20,"column":34}},"11":{"start":{"line":23,"column":19},"end":{"line":23,"column":88}},"12":{"start":{"line":25,"column":8},"end":{"line":32,"column":9}},"13":{"start":{"line":26,"column":12},"end":{"line":30,"column":15}},"14":{"start":{"line":31,"column":12},"end":{"line":31,"column":74}},"15":{"start":{"line":34,"column":8},"end":{"line":34,"column":42}},"16":{"start":{"line":37,"column":8},"end":{"line":37,"column":53}},"17":{"start":{"line":42,"column":0},"end":{"line":64,"column":2}},"18":{"start":{"line":43,"column":4},"end":{"line":63,"column":5}},"19":{"start":{"line":44,"column":27},"end":{"line":44,"column":37}},"20":{"start":{"line":46,"column":21},"end":{"line":48,"column":51}},"21":{"start":{"line":50,"column":8},"end":{"line":52,"column":9}},"22":{"start":{"line":51,"column":12},"end":{"line":51,"column":71}},"23":{"start":{"line":55,"column":30},"end":{"line":55,"column":103}},"24":{"start":{"line":55,"column":58},"end":{"line":55,"column":102}},"25":{"start":{"line":56,"column":8},"end":{"line":58,"column":9}},"26":{"start":{"line":57,"column":12},"end":{"line":57,"column":89}},"27":{"start":{"line":60,"column":8},"end":{"line":60,"column":42}},"28":{"start":{"line":62,"column":8},"end":{"line":62,"column":53}},"29":{"start":{"line":67,"column":0},"end":{"line":85,"column":2}},"30":{"start":{"line":70,"column":4},"end":{"line":84,"column":5}},"31":{"start":{"line":71,"column":8},"end":{"line":80,"column":9}},"32":{"start":{"line":76,"column":12},"end":{"line":79,"column":15}},"33":{"start":{"line":81,"column":8},"end":{"line":81,"column":65}},"34":{"start":{"line":83,"column":8},"end":{"line":83,"column":53}}},"fnMap":{"0":{"name":"(anonymous_0)","decl":{"start":{"line":5,"column":26},"end":{"line":5,"column":27}},"loc":{"start":{"line":5,"column":46},"end":{"line":39,"column":1}},"line":5},"1":{"name":"(anonymous_1)","decl":{"start":{"line":42,"column":26},"end":{"line":42,"column":27}},"loc":{"start":{"line":42,"column":46},"end":{"line":64,"column":1}},"line":42},"2":{"name":"(anonymous_2)","decl":{"start":{"line":55,"column":53},"end":{"line":55,"column":54}},"loc":{"start":{"line":55,"column":58},"end":{"line":55,"column":102}},"line":55},"3":{"name":"(anonymous_3)","decl":{"start":{"line":67,"column":22},"end":{"line":67,"column":23}},"loc":{"start":{"line":67,"column":42},"end":{"line":85,"column":1}},"line":67}},"branchMap":{"0":{"loc":{"start":{"line":10,"column":8},"end":{"line":12,"column":9}},"type":"if","locations":[{"start":{"line":10,"column":8},"end":{"line":12,"column":9}},{"start":{},"end":{}}],"line":10},"1":{"loc":{"start":{"line":19,"column":8},"end":{"line":21,"column":9}},"type":"if","locations":[{"start":{"line":19,"column":8},"end":{"line":21,"column":9}},{"start":{},"end":{}}],"line":19},"2":{"loc":{"start":{"line":25,"column":8},"end":{"line":32,"column":9}},"type":"if","locations":[{"start":{"line":25,"column":8},"end":{"line":32,"column":9}},{"start":{},"end":{}}],"line":25},"3":{"loc":{"start":{"line":28,"column":24},"end":{"line":28,"column":38}},"type":"binary-expr","locations":[{"start":{"line":28,"column":24},"end":{"line":28,"column":30}},{"start":{"line":28,"column":34},"end":{"line":28,"column":38}}],"line":28},"4":{"loc":{"start":{"line":50,"column":8},"end":{"line":52,"column":9}},"type":"if","locations":[{"start":{"line":50,"column":8},"end":{"line":52,"column":9}},{"start":{},"end":{}}],"line":50},"5":{"loc":{"start":{"line":56,"column":8},"end":{"line":58,"column":9}},"type":"if","locations":[{"start":{"line":56,"column":8},"end":{"line":58,"column":9}},{"start":{},"end":{}}],"line":56},"6":{"loc":{"start":{"line":71,"column":8},"end":{"line":80,"column":9}},"type":"if","locations":[{"start":{"line":71,"column":8},"end":{"line":80,"column":9}},{"start":{},"end":{}}],"line":71}},"s":{"0":1,"1":1,"2":1,"3":0,"4":0,"5":0,"6":0,"7":0,"8":0,"9":0,"10":0,"11":0,"12":0,"13":0,"14":0,"15":0,"16":0,"17":1,"18":0,"19":0,"20":0,"21":0,"22":0,"23":0,"24":0,"25":0,"26":0,"27":0,"28":0,"29":1,"30":0,"31":0,"32":0,"33":0,"34":0},"f":{"0":0,"1":0,"2":0,"3":0},"b":{"0":[0,0],"1":[0,0],"2":[0,0],"3":[0,0],"4":[0,0],"5":[0,0],"6":[0,0]},"_coverageSchema":"1a1c01bbd47fc00a2c39e90264f33305004495a9","hash":"0272567024319f85c6d39ee498972e5612d316bb"}
,"/Users/prabhas/Downloads/farmer-marketplace-backend/src/controllers/dealController.js": {"path":"/Users/prabhas/Downloads/farmer-marketplace-backend/src/controllers/dealController.js","statementMap":{"0":{"start":{"line":1,"column":13},"end":{"line":1,"column":38}},"1":{"start":{"line":2,"column":13},"end":{"line":2,"column":38}},"2":{"start":{"line":5,"column":0},"end":{"line":32,"column":2}},"3":{"start":{"line":6,"column":4},"end":{"line":31,"column":5}},"4":{"start":{"line":7,"column":61},"end":{"line":7,"column":69}},"5":{"start":{"line":8,"column":25},"end":{"line":8,"column":37}},"6":{"start":{"line":11,"column":8},"end":{"line":13,"column":9}},"7":{"start":{"line":12,"column":12},"end":{"line":12,"column":80}},"8":{"start":{"line":15,"column":21},"end":{"line":25,"column":10}},"9":{"start":{"line":27,"column":8},"end":{"line":27,"column":54}},"10":{"start":{"line":30,"column":8},"end":{"line":30,"column":53}},"11":{"start":{"line":35,"column":0},"end":{"line":67,"column":2}},"12":{"start":{"line":36,"column":4},"end":{"line":66,"column":5}},"13":{"start":{"line":37,"column":26},"end":{"line":37,"column":34}},"14":{"start":{"line":38,"column":23},"end":{"line":38,"column":36}},"15":{"start":{"line":40,"column":21},"end":{"line":40,"column":48}},"16":{"start":{"line":41,"column":8},"end":{"line":41,"column":78}},"17":{"start":{"line":41,"column":19},"end":{"line":41,"column":78}},"18":{"start":{"line":44,"column":8},"end":{"line":46,"column":9}},"19":{"start":{"line":45,"column":12},"end":{"line":45,"column":94}},"20":{"start":{"line":49,"column":8},"end":{"line":49,"column":34}},"21":{"start":{"line":50,"column":8},"end":{"line":50,"column":40}},"22":{"start":{"line":51,"column":8},"end":{"line":51,"column":32}},"23":{"start":{"line":52,"column":8},"end":{"line":52,"column":67}},"24":{"start":{"line":55,"column":8},"end":{"line":58,"column":11}},"25":{"start":{"line":60,"column":8},"end":{"line":60,"column":26}},"26":{"start":{"line":62,"column":8},"end":{"line":62,"column":65}},"27":{"start":{"line":65,"column":8},"end":{"line":65,"column":53}},"28":{"start":{"line":70,"column":0},"end":{"line":101,"column":2}},"29":{"start":{"line":71,"column":4},"end":{"line":100,"column":5}},"30":{"start":{"line":72,"column":21},"end":{"line":72,"column":55}},"31":{"start":{"line":73,"column":8},"end":{"line":73,"column":78}},"32":{"start":{"line":73,"column":19},"end":{"line":73,"column":78}},"33":{"start":{"line":75,"column":8},"end":{"line":77,"column":9}},"34":{"start":{"line":76,"column":12},"end":{"line":76,"column":85}},"35":{"start":{"line":80,"column":8},"end":{"line":84,"column":9}},"36":{"start":{"line":81,"column":12},"end":{"line":81,"column":36}},"37":{"start":{"line":82,"column":12},"end":{"line":82,"column":30}},"38":{"start":{"line":83,"column":12},"end":{"line":83,"column":73}},"39":{"start":{"line":89,"column":8},"end":{"line":91,"column":9}},"40":{"start":{"line":90,"column":12},"end":{"line":90,"column":116}},"41":{"start":{"line":93,"column":8},"end":{"line":93,"column":33}},"42":{"start":{"line":94,"column":8},"end":{"line":94,"column":26}},"43":{"start":{"line":96,"column":8},"end":{"line":96,"column":69}},"44":{"start":{"line":99,"column":8},"end":{"line":99,"column":53}},"45":{"start":{"line":104,"column":0},"end":{"line":121,"column":2}},"46":{"start":{"line":105,"column":4},"end":{"line":120,"column":5}},"47":{"start":{"line":106,"column":21},"end":{"line":106,"column":55}},"48":{"start":{"line":107,"column":8},"end":{"line":107,"column":78}},"49":{"start":{"line":107,"column":19},"end":{"line":107,"column":78}},"50":{"start":{"line":109,"column":8},"end":{"line":111,"column":9}},"51":{"start":{"line":110,"column":12},"end":{"line":110,"column":85}},"52":{"start":{"line":113,"column":8},"end":{"line":113,"column":33}},"53":{"start":{"line":114,"column":8},"end":{"line":114,"column":26}},"54":{"start":{"line":116,"column":8},"end":{"line":116,"column":68}},"55":{"start":{"line":119,"column":8},"end":{"line":119,"column":53}},"56":{"start":{"line":124,"column":0},"end":{"line":142,"column":2}},"57":{"start":{"line":125,"column":4},"end":{"line":141,"column":5}},"58":{"start":{"line":126,"column":21},"end":{"line":128,"column":45}},"59":{"start":{"line":130,"column":8},"end":{"line":130,"column":78}},"60":{"start":{"line":130,"column":19},"end":{"line":130,"column":78}},"61":{"start":{"line":133,"column":8},"end":{"line":136,"column":9}},"62":{"start":{"line":134,"column":12},"end":{"line":134,"column":36}},"63":{"start":{"line":135,"column":12},"end":{"line":135,"column":30}},"64":{"start":{"line":138,"column":8},"end":{"line":138,"column":42}},"65":{"start":{"line":140,"column":8},"end":{"line":140,"column":53}}},"fnMap":{"0":{"name":"(anonymous_0)","decl":{"start":{"line":5,"column":21},"end":{"line":5,"column":22}},"loc":{"start":{"line":5,"column":41},"end":{"line":32,"column":1}},"line":5},"1":{"name":"(anonymous_1)","decl":{"start":{"line":35,"column":20},"end":{"line":35,"column":21}},"loc":{"start":{"line":35,"column":40},"end":{"line":67,"column":1}},"line":35},"2":{"name":"(anonymous_2)","decl":{"start":{"line":70,"column":22},"end":{"line":70,"column":23}},"loc":{"start":{"line":70,"column":42},"end":{"line":101,"column":1}},"line":70},"3":{"name":"(anonymous_3)","decl":{"start":{"line":104,"column":22},"end":{"line":104,"column":23}},"loc":{"start":{"line":104,"column":42},"end":{"line":121,"column":1}},"line":104},"4":{"name":"(anonymous_4)","decl":{"start":{"line":124,"column":18},"end":{"line":124,"column":19}},"loc":{"start":{"line":124,"column":38},"end":{"line":142,"column":1}},"line":124}},"branchMap":{"0":{"loc":{"start":{"line":11,"column":8},"end":{"line":13,"column":9}},"type":"if","locations":[{"start":{"line":11,"column":8},"end":{"line":13,"column":9}},{"start":{},"end":{}}],"line":11},"1":{"loc":{"start":{"line":11,"column":12},"end":{"line":11,"column":62}},"type":"binary-expr","locations":[{"start":{"line":11,"column":12},"end":{"line":11,"column":17}},{"start":{"line":11,"column":21},"end":{"line":11,"column":29}},{"start":{"line":11,"column":33},"end":{"line":11,"column":47}},{"start":{"line":11,"column":51},"end":{"line":11,"column":62}}],"line":11},"2":{"loc":{"start":{"line":41,"column":8},"end":{"line":41,"column":78}},"type":"if","locations":[{"start":{"line":41,"column":8},"end":{"line":41,"column":78}},{"start":{},"end":{}}],"line":41},"3":{"loc":{"start":{"line":44,"column":8},"end":{"line":46,"column":9}},"type":"if","locations":[{"start":{"line":44,"column":8},"end":{"line":46,"column":9}},{"start":{},"end":{}}],"line":44},"4":{"loc":{"start":{"line":73,"column":8},"end":{"line":73,"column":78}},"type":"if","locations":[{"start":{"line":73,"column":8},"end":{"line":73,"column":78}},{"start":{},"end":{}}],"line":73},"5":{"loc":{"start":{"line":75,"column":8},"end":{"line":77,"column":9}},"type":"if","locations":[{"start":{"line":75,"column":8},"end":{"line":77,"column":9}},{"start":{},"end":{}}],"line":75},"6":{"loc":{"start":{"line":80,"column":8},"end":{"line":84,"column":9}},"type":"if","locations":[{"start":{"line":80,"column":8},"end":{"line":84,"column":9}},{"start":{},"end":{}}],"line":80},"7":{"loc":{"start":{"line":89,"column":8},"end":{"line":91,"column":9}},"type":"if","locations":[{"start":{"line":89,"column":8},"end":{"line":91,"column":9}},{"start":{},"end":{}}],"line":89},"8":{"loc":{"start":{"line":107,"column":8},"end":{"line":107,"column":78}},"type":"if","locations":[{"start":{"line":107,"column":8},"end":{"line":107,"column":78}},{"start":{},"end":{}}],"line":107},"9":{"loc":{"start":{"line":109,"column":8},"end":{"line":111,"column":9}},"type":"if","locations":[{"start":{"line":109,"column":8},"end":{"line":111,"column":9}},{"start":{},"end":{}}],"line":109},"10":{"loc":{"start":{"line":130,"column":8},"end":{"line":130,"column":78}},"type":"if","locations":[{"start":{"line":130,"column":8},"end":{"line":130,"column":78}},{"start":{},"end":{}}],"line":130},"11":{"loc":{"start":{"line":133,"column":8},"end":{"line":136,"column":9}},"type":"if","locations":[{"start":{"line":133,"column":8},"end":{"line":136,"column":9}},{"start":{},"end":{}}],"line":133},"12":{"loc":{"start":{"line":133,"column":12},"end":{"line":133,"column":68}},"type":"binary-expr","locations":[{"start":{"line":133,"column":12},"end":{"line":133,"column":37}},{"start":{"line":133,"column":41},"end":{"line":133,"column":68}}],"line":133}},"s":{"0":1,"1":1,"2":1,"3":0,"4":0,"5":0,"6":0,"7":0,"8":0,"9":0,"10":0,"11":1,"12":0,"13":0,"14":0,"15":0,"16":0,"17":0,"18":0,"19":0,"20":0,"21":0,"22":0,"23":0,"24":0,"25":0,"26":0,"27":0,"28":1,"29":0,"30":0,"31":0,"32":0,"33":0,"34":0,"35":0,"36":0,"37":0,"38":0,"39":0,"40":0,"41":0,"42":0,"43":0,"44":0,"45":1,"46":0,"47":0,"48":0,"49":0,"50":0,"51":0,"52":0,"53":0,"54":0,"55":0,"56":1,"57":0,"58":0,"59":0,"60":0,"61":0,"62":0,"63":0,"64":0,"65":0},"f":{"0":0,"1":0,"2":0,"3":0,"4":0},"b":{"0":[0,0],"1":[0,0,0,0],"2":[0,0],"3":[0,0],"4":[0,0],"5":[0,0],"6":[0,0],"7":[0,0],"8":[0,0],"9":[0,0],"10":[0,0],"11":[0,0],"12":[0,0]},"_coverageSchema":"1a1c01bbd47fc00a2c39e90264f33305004495a9","hash":"4e6af75b7c023e2fbd1066b89808a110ac9f0748"}
,"/Users/prabhas/Downloads/farmer-marketplace-backend/src/controllers/inventoryController.js": {"path":"/Users/prabhas/Downloads/farmer-marketplace-backend/src/controllers/inventoryController.js","statementMap":{"0":{"start":{"line":1,"column":18},"end":{"line":1,"column":48}},"1":{"start":{"line":2,"column":13},"end":{"line":2,"column":38}},"2":{"start":{"line":5,"column":0},"end":{"line":40,"column":2}},"3":{"start":{"line":6,"column":4},"end":{"line":39,"column":5}},"4":{"start":{"line":7,"column":77},"end":{"line":7,"column":85}},"5":{"start":{"line":10,"column":8},"end":{"line":12,"column":9}},"6":{"start":{"line":11,"column":12},"end":{"line":11,"column":82}},"7":{"start":{"line":14,"column":28},"end":{"line":19,"column":9}},"8":{"start":{"line":21,"column":8},"end":{"line":21,"column":63}},"9":{"start":{"line":21,"column":25},"end":{"line":21,"column":63}},"10":{"start":{"line":22,"column":8},"end":{"line":22,"column":48}},"11":{"start":{"line":22,"column":20},"end":{"line":22,"column":48}},"12":{"start":{"line":25,"column":8},"end":{"line":30,"column":9}},"13":{"start":{"line":26,"column":12},"end":{"line":26,"column":44}},"14":{"start":{"line":28,"column":27},"end":{"line":28,"column":59}},"15":{"start":{"line":29,"column":12},"end":{"line":29,"column":57}},"16":{"start":{"line":32,"column":24},"end":{"line":32,"column":50}},"17":{"start":{"line":33,"column":8},"end":{"line":33,"column":29}},"18":{"start":{"line":35,"column":8},"end":{"line":35,"column":83}},"19":{"start":{"line":37,"column":8},"end":{"line":37,"column":29}},"20":{"start":{"line":38,"column":8},"end":{"line":38,"column":73}},"21":{"start":{"line":43,"column":0},"end":{"line":78,"column":2}},"22":{"start":{"line":44,"column":4},"end":{"line":77,"column":5}},"23":{"start":{"line":45,"column":27},"end":{"line":45,"column":36}},"24":{"start":{"line":46,"column":22},"end":{"line":46,"column":47}},"25":{"start":{"line":49,"column":8},"end":{"line":51,"column":9}},"26":{"start":{"line":50,"column":12},"end":{"line":50,"column":48}},"27":{"start":{"line":53,"column":26},"end":{"line":53,"column":77}},"28":{"start":{"line":56,"column":20},"end":{"line":56,"column":30}},"29":{"start":{"line":57,"column":35},"end":{"line":71,"column":10}},"30":{"start":{"line":58,"column":28},"end":{"line":58,"column":43}},"31":{"start":{"line":59,"column":12},"end":{"line":69,"column":13}},"32":{"start":{"line":61,"column":35},"end":{"line":61,"column":61}},"33":{"start":{"line":65,"column":36},"end":{"line":65,"column":56}},"34":{"start":{"line":66,"column":16},"end":{"line":66,"column":63}},"35":{"start":{"line":68,"column":16},"end":{"line":68,"column":56}},"36":{"start":{"line":70,"column":12},"end":{"line":70,"column":27}},"37":{"start":{"line":73,"column":8},"end":{"line":73,"column":49}},"38":{"start":{"line":75,"column":8},"end":{"line":75,"column":29}},"39":{"start":{"line":76,"column":8},"end":{"line":76,"column":75}},"40":{"start":{"line":81,"column":0},"end":{"line":104,"column":2}},"41":{"start":{"line":82,"column":4},"end":{"line":103,"column":5}},"42":{"start":{"line":83,"column":23},"end":{"line":83,"column":33}},"43":{"start":{"line":84,"column":24},"end":{"line":84,"column":32}},"44":{"start":{"line":86,"column":24},"end":{"line":86,"column":83}},"45":{"start":{"line":87,"column":8},"end":{"line":89,"column":9}},"46":{"start":{"line":88,"column":12},"end":{"line":88,"column":88}},"47":{"start":{"line":92,"column":8},"end":{"line":92,"column":80}},"48":{"start":{"line":92,"column":44},"end":{"line":92,"column":80}},"49":{"start":{"line":93,"column":8},"end":{"line":93,"column":71}},"50":{"start":{"line":93,"column":41},"end":{"line":93,"column":71}},"51":{"start":{"line":94,"column":8},"end":{"line":94,"column":74}},"52":{"start":{"line":94,"column":42},"end":{"line":94,"column":74}},"53":{"start":{"line":95,"column":8},"end":{"line":95,"column":89}},"54":{"start":{"line":95,"column":47},"end":{"line":95,"column":89}},"55":{"start":{"line":96,"column":8},"end":{"line":96,"column":80}},"56":{"start":{"line":96,"column":44},"end":{"line":96,"column":80}},"57":{"start":{"line":98,"column":8},"end":{"line":98,"column":29}},"58":{"start":{"line":99,"column":8},"end":{"line":99,"column":70}},"59":{"start":{"line":101,"column":8},"end":{"line":101,"column":29}},"60":{"start":{"line":102,"column":8},"end":{"line":102,"column":73}},"61":{"start":{"line":107,"column":0},"end":{"line":126,"column":2}},"62":{"start":{"line":108,"column":4},"end":{"line":125,"column":5}},"63":{"start":{"line":109,"column":23},"end":{"line":109,"column":33}},"64":{"start":{"line":111,"column":24},"end":{"line":115,"column":9}},"65":{"start":{"line":117,"column":8},"end":{"line":119,"column":9}},"66":{"start":{"line":118,"column":12},"end":{"line":118,"column":88}},"67":{"start":{"line":121,"column":8},"end":{"line":121,"column":74}},"68":{"start":{"line":123,"column":8},"end":{"line":123,"column":29}},"69":{"start":{"line":124,"column":8},"end":{"line":124,"column":77}},"70":{"start":{"line":129,"column":0},"end":{"line":156,"column":2}},"71":{"start":{"line":130,"column":4},"end":{"line":155,"column":5}},"72":{"start":{"line":132,"column":25},"end":{"line":136,"column":10}},"73":{"start":{"line":138,"column":20},"end":{"line":138,"column":30}},"74":{"start":{"line":139,"column":25},"end":{"line":144,"column":10}},"75":{"start":{"line":140,"column":26},"end":{"line":140,"column":52}},"76":{"start":{"line":141,"column":32},"end":{"line":141,"column":47}},"77":{"start":{"line":142,"column":12},"end":{"line":142,"column":59}},"78":{"start":{"line":143,"column":12},"end":{"line":143,"column":37}},"79":{"start":{"line":146,"column":8},"end":{"line":150,"column":11}},"80":{"start":{"line":153,"column":8},"end":{"line":153,"column":29}},"81":{"start":{"line":154,"column":8},"end":{"line":154,"column":84}}},"fnMap":{"0":{"name":"(anonymous_0)","decl":{"start":{"line":5,"column":24},"end":{"line":5,"column":25}},"loc":{"start":{"line":5,"column":44},"end":{"line":40,"column":1}},"line":5},"1":{"name":"(anonymous_1)","decl":{"start":{"line":43,"column":23},"end":{"line":43,"column":24}},"loc":{"start":{"line":43,"column":43},"end":{"line":78,"column":1}},"line":43},"2":{"name":"(anonymous_2)","decl":{"start":{"line":57,"column":49},"end":{"line":57,"column":50}},"loc":{"start":{"line":57,"column":57},"end":{"line":71,"column":9}},"line":57},"3":{"name":"(anonymous_3)","decl":{"start":{"line":81,"column":24},"end":{"line":81,"column":25}},"loc":{"start":{"line":81,"column":44},"end":{"line":104,"column":1}},"line":81},"4":{"name":"(anonymous_4)","decl":{"start":{"line":107,"column":28},"end":{"line":107,"column":29}},"loc":{"start":{"line":107,"column":48},"end":{"line":126,"column":1}},"line":107},"5":{"name":"(anonymous_5)","decl":{"start":{"line":129,"column":31},"end":{"line":129,"column":32}},"loc":{"start":{"line":129,"column":51},"end":{"line":156,"column":1}},"line":129},"6":{"name":"(anonymous_6)","decl":{"start":{"line":139,"column":41},"end":{"line":139,"column":42}},"loc":{"start":{"line":139,"column":49},"end":{"line":144,"column":9}},"line":139}},"branchMap":{"0":{"loc":{"start":{"line":10,"column":8},"end":{"line":12,"column":9}},"type":"if","locations":[{"start":{"line":10,"column":8},"end":{"line":12,"column":9}},{"start":{},"end":{}}],"line":10},"1":{"loc":{"start":{"line":21,"column":8},"end":{"line":21,"column":63}},"type":"if","locations":[{"start":{"line":21,"column":8},"end":{"line":21,"column":63}},{"start":{},"end":{}}],"line":21},"2":{"loc":{"start":{"line":22,"column":8},"end":{"line":22,"column":48}},"type":"if","locations":[{"start":{"line":22,"column":8},"end":{"line":22,"column":48}},{"start":{},"end":{}}],"line":22},"3":{"loc":{"start":{"line":25,"column":8},"end":{"line":30,"column":9}},"type":"if","locations":[{"start":{"line":25,"column":8},"end":{"line":30,"column":9}},{"start":{"line":27,"column":15},"end":{"line":30,"column":9}}],"line":25},"4":{"loc":{"start":{"line":29,"column":35},"end":{"line":29,"column":56}},"type":"binary-expr","locations":[{"start":{"line":29,"column":35},"end":{"line":29,"column":50}},{"start":{"line":29,"column":54},"end":{"line":29,"column":56}}],"line":29},"5":{"loc":{"start":{"line":49,"column":8},"end":{"line":51,"column":9}},"type":"if","locations":[{"start":{"line":49,"column":8},"end":{"line":51,"column":9}},{"start":{},"end":{}}],"line":49},"6":{"loc":{"start":{"line":59,"column":12},"end":{"line":69,"column":13}},"type":"if","locations":[{"start":{"line":59,"column":12},"end":{"line":69,"column":13}},{"start":{},"end":{}}],"line":59},"7":{"loc":{"start":{"line":87,"column":8},"end":{"line":89,"column":9}},"type":"if","locations":[{"start":{"line":87,"column":8},"end":{"line":89,"column":9}},{"start":{},"end":{}}],"line":87},"8":{"loc":{"start":{"line":92,"column":8},"end":{"line":92,"column":80}},"type":"if","locations":[{"start":{"line":92,"column":8},"end":{"line":92,"column":80}},{"start":{},"end":{}}],"line":92},"9":{"loc":{"start":{"line":93,"column":8},"end":{"line":93,"column":71}},"type":"if","locations":[{"start":{"line":93,"column":8},"end":{"line":93,"column":71}},{"start":{},"end":{}}],"line":93},"10":{"loc":{"start":{"line":94,"column":8},"end":{"line":94,"column":74}},"type":"if","locations":[{"start":{"line":94,"column":8},"end":{"line":94,"column":74}},{"start":{},"end":{}}],"line":94},"11":{"loc":{"start":{"line":95,"column":8},"end":{"line":95,"column":89}},"type":"if","locations":[{"start":{"line":95,"column":8},"end":{"line":95,"column":89}},{"start":{},"end":{}}],"line":95},"12":{"loc":{"start":{"line":96,"column":8},"end":{"line":96,"column":80}},"type":"if","locations":[{"start":{"line":96,"column":8},"end":{"line":96,"column":80}},{"start":{},"end":{}}],"line":96},"13":{"loc":{"start":{"line":117,"column":8},"end":{"line":119,"column":9}},"type":"if","locations":[{"start":{"line":117,"column":8},"end":{"line":119,"column":9}},{"start":{},"end":{}}],"line":117}},"s":{"0":1,"1":1,"2":1,"3":0,"4":0,"5":0,"6":0,"7":0,"8":0,"9":0,"10":0,"11":0,"12":0,"13":0,"14":0,"15":0,"16":0,"17":0,"18":0,"19":0,"20":0,"21":1,"22":0,"23":0,"24":0,"25":0,"26":0,"27":0,"28":0,"29":0,"30":0,"31":0,"32":0,"33":0,"34":0,"35":0,"36":0,"37":0,"38":0,"39":0,"40":1,"41":0,"42":0,"43":0,"44":0,"45":0,"46":0,"47":0,"48":0,"49":0,"50":0,"51":0,"52":0,"53":0,"54":0,"55":0,"56":0,"57":0,"58":0,"59":0,"60":0,"61":1,"62":0,"63":0,"64":0,"65":0,"66":0,"67":0,"68":0,"69":0,"70":1,"71":0,"72":0,"73":0,"74":0,"75":0,"76":0,"77":0,"78":0,"79":0,"80":0,"81":0},"f":{"0":0,"1":0,"2":0,"3":0,"4":0,"5":0,"6":0},"b":{"0":[0,0],"1":[0,0],"2":[0,0],"3":[0,0],"4":[0,0],"5":[0,0],"6":[0,0],"7":[0,0],"8":[0,0],"9":[0,0],"10":[0,0],"11":[0,0],"12":[0,0],"13":[0,0]},"_coverageSchema":"1a1c01bbd47fc00a2c39e90264f33305004495a9","hash":"c73a4544a146723c894771d0b325f11c03139b28"}
,"/Users/prabhas/Downloads/farmer-marketplace-backend/src/controllers/mandiController.js": {"path":"/Users/prabhas/Downloads/farmer-marketplace-backend/src/controllers/mandiController.js","statementMap":{"0":{"start":{"line":1,"column":19},"end":{"line":1,"column":50}},"1":{"start":{"line":2,"column":18},"end":{"line":2,"column":48}},"2":{"start":{"line":7,"column":0},"end":{"line":34,"column":2}},"3":{"start":{"line":8,"column":2},"end":{"line":33,"column":3}},"4":{"start":{"line":9,"column":23},"end":{"line":9,"column":56}},"5":{"start":{"line":13,"column":21},"end":{"line":16,"column":37}},"6":{"start":{"line":18,"column":4},"end":{"line":24,"column":5}},"7":{"start":{"line":19,"column":6},"end":{"line":19,"column":111}},"8":{"start":{"line":20,"column":6},"end":{"line":23,"column":9}},"9":{"start":{"line":22,"column":8},"end":{"line":22,"column":121}},"10":{"start":{"line":27,"column":4},"end":{"line":30,"column":7}},"11":{"start":{"line":32,"column":4},"end":{"line":32,"column":49}},"12":{"start":{"line":41,"column":0},"end":{"line":89,"column":2}},"13":{"start":{"line":42,"column":2},"end":{"line":88,"column":3}},"14":{"start":{"line":43,"column":34},"end":{"line":43,"column":43}},"15":{"start":{"line":46,"column":4},"end":{"line":50,"column":5}},"16":{"start":{"line":48,"column":6},"end":{"line":48,"column":56}},"17":{"start":{"line":49,"column":6},"end":{"line":49,"column":56}},"18":{"start":{"line":52,"column":4},"end":{"line":54,"column":5}},"19":{"start":{"line":53,"column":6},"end":{"line":53,"column":116}},"20":{"start":{"line":56,"column":19},"end":{"line":79,"column":6}},"21":{"start":{"line":81,"column":4},"end":{"line":85,"column":7}},"22":{"start":{"line":87,"column":4},"end":{"line":87,"column":49}},"23":{"start":{"line":91,"column":0},"end":{"line":130,"column":2}},"24":{"start":{"line":92,"column":2},"end":{"line":129,"column":3}},"25":{"start":{"line":93,"column":37},"end":{"line":93,"column":46}},"26":{"start":{"line":95,"column":19},"end":{"line":95,"column":21}},"27":{"start":{"line":97,"column":4},"end":{"line":97,"column":33}},"28":{"start":{"line":97,"column":14},"end":{"line":97,"column":33}},"29":{"start":{"line":99,"column":4},"end":{"line":99,"column":76}},"30":{"start":{"line":99,"column":18},"end":{"line":99,"column":76}},"31":{"start":{"line":101,"column":16},"end":{"line":101,"column":39}},"32":{"start":{"line":104,"column":4},"end":{"line":108,"column":5}},"33":{"start":{"line":105,"column":6},"end":{"line":105,"column":50}},"34":{"start":{"line":107,"column":6},"end":{"line":107,"column":39}},"35":{"start":{"line":110,"column":17},"end":{"line":110,"column":28}},"36":{"start":{"line":114,"column":4},"end":{"line":120,"column":5}},"37":{"start":{"line":116,"column":6},"end":{"line":119,"column":10}},"38":{"start":{"line":116,"column":41},"end":{"line":119,"column":7}},"39":{"start":{"line":122,"column":4},"end":{"line":126,"column":7}},"40":{"start":{"line":128,"column":4},"end":{"line":128,"column":49}}},"fnMap":{"0":{"name":"(anonymous_0)","decl":{"start":{"line":7,"column":24},"end":{"line":7,"column":25}},"loc":{"start":{"line":7,"column":44},"end":{"line":34,"column":1}},"line":7},"1":{"name":"(anonymous_1)","decl":{"start":{"line":20,"column":23},"end":{"line":20,"column":24}},"loc":{"start":{"line":20,"column":28},"end":{"line":23,"column":7}},"line":20},"2":{"name":"(anonymous_2)","decl":{"start":{"line":41,"column":26},"end":{"line":41,"column":27}},"loc":{"start":{"line":41,"column":46},"end":{"line":89,"column":1}},"line":41},"3":{"name":"(anonymous_3)","decl":{"start":{"line":91,"column":25},"end":{"line":91,"column":26}},"loc":{"start":{"line":91,"column":45},"end":{"line":130,"column":1}},"line":91},"4":{"name":"(anonymous_4)","decl":{"start":{"line":116,"column":26},"end":{"line":116,"column":27}},"loc":{"start":{"line":116,"column":41},"end":{"line":119,"column":7}},"line":116}},"branchMap":{"0":{"loc":{"start":{"line":18,"column":4},"end":{"line":24,"column":5}},"type":"if","locations":[{"start":{"line":18,"column":4},"end":{"line":24,"column":5}},{"start":{},"end":{}}],"line":18},"1":{"loc":{"start":{"line":43,"column":20},"end":{"line":43,"column":29}},"type":"default-arg","locations":[{"start":{"line":43,"column":27},"end":{"line":43,"column":29}}],"line":43},"2":{"loc":{"start":{"line":46,"column":4},"end":{"line":50,"column":5}},"type":"if","locations":[{"start":{"line":46,"column":4},"end":{"line":50,"column":5}},{"start":{},"end":{}}],"line":46},"3":{"loc":{"start":{"line":46,"column":8},"end":{"line":46,"column":66}},"type":"binary-expr","locations":[{"start":{"line":46,"column":9},"end":{"line":46,"column":13}},{"start":{"line":46,"column":17},"end":{"line":46,"column":21}},{"start":{"line":46,"column":26},"end":{"line":46,"column":34}},{"start":{"line":46,"column":38},"end":{"line":46,"column":66}}],"line":46},"4":{"loc":{"start":{"line":52,"column":4},"end":{"line":54,"column":5}},"type":"if","locations":[{"start":{"line":52,"column":4},"end":{"line":54,"column":5}},{"start":{},"end":{}}],"line":52},"5":{"loc":{"start":{"line":52,"column":8},"end":{"line":52,"column":20}},"type":"binary-expr","locations":[{"start":{"line":52,"column":8},"end":{"line":52,"column":12}},{"start":{"line":52,"column":16},"end":{"line":52,"column":20}}],"line":52},"6":{"loc":{"start":{"line":97,"column":4},"end":{"line":97,"column":33}},"type":"if","locations":[{"start":{"line":97,"column":4},"end":{"line":97,"column":33}},{"start":{},"end":{}}],"line":97},"7":{"loc":{"start":{"line":99,"column":4},"end":{"line":99,"column":76}},"type":"if","locations":[{"start":{"line":99,"column":4},"end":{"line":99,"column":76}},{"start":{},"end":{}}],"line":99},"8":{"loc":{"start":{"line":104,"column":4},"end":{"line":108,"column":5}},"type":"if","locations":[{"start":{"line":104,"column":4},"end":{"line":108,"column":5}},{"start":{"line":106,"column":11},"end":{"line":108,"column":5}}],"line":104},"9":{"loc":{"start":{"line":114,"column":4},"end":{"line":120,"column":5}},"type":"if","locations":[{"start":{"line":114,"column":4},"end":{"line":120,"column":5}},{"start":{},"end":{}}],"line":114},"10":{"loc":{"start":{"line":114,"column":8},"end":{"line":114,"column":50}},"type":"binary-expr","locations":[{"start":{"line":114,"column":8},"end":{"line":114,"column":29}},{"start":{"line":114,"column":33},"end":{"line":114,"column":50}}],"line":114}},"s":{"0":1,"1":1,"2":1,"3":0,"4":0,"5":0,"6":0,"7":0,"8":0,"9":0,"10":0,"11":0,"12":1,"13":0,"14":0,"15":0,"16":0,"17":0,"18":0,"19":0,"20":0,"21":0,"22":0,"23":1,"24":0,"25":0,"26":0,"27":0,"28":0,"29":0,"30":0,"31":0,"32":0,"33":0,"34":0,"35":0,"36":0,"37":0,"38":0,"39":0,"40":0},"f":{"0":0,"1":0,"2":0,"3":0,"4":0},"b":{"0":[0,0],"1":[0],"2":[0,0],"3":[0,0,0,0],"4":[0,0],"5":[0,0],"6":[0,0],"7":[0,0],"8":[0,0],"9":[0,0],"10":[0,0]},"_coverageSchema":"1a1c01bbd47fc00a2c39e90264f33305004495a9","hash":"553cf777ab9e10e1a559b1b5ecc197866f5dd030"}
,"/Users/prabhas/Downloads/farmer-marketplace-backend/src/controllers/multimodalController.js": {"path":"/Users/prabhas/Downloads/farmer-marketplace-backend/src/controllers/multimodalController.js","statementMap":{"0":{"start":{"line":1,"column":27},"end":{"line":1,"column":66}},"1":{"start":{"line":4,"column":0},"end":{"line":20,"column":2}},"2":{"start":{"line":5,"column":31},"end":{"line":5,"column":39}},"3":{"start":{"line":7,"column":13},"end":{"line":7,"column":57}},"4":{"start":{"line":9,"column":2},"end":{"line":14,"column":3}},"5":{"start":{"line":10,"column":4},"end":{"line":10,"column":29}},"6":{"start":{"line":11,"column":4},"end":{"line":11,"column":22}},"7":{"start":{"line":13,"column":4},"end":{"line":13,"column":65}},"8":{"start":{"line":16,"column":2},"end":{"line":19,"column":5}},"9":{"start":{"line":23,"column":0},"end":{"line":45,"column":2}},"10":{"start":{"line":24,"column":36},"end":{"line":24,"column":44}},"11":{"start":{"line":27,"column":15},"end":{"line":27,"column":59}},"12":{"start":{"line":28,"column":19},"end":{"line":28,"column":46}},"13":{"start":{"line":32,"column":2},"end":{"line":38,"column":3}},"14":{"start":{"line":33,"column":4},"end":{"line":33,"column":49}},"15":{"start":{"line":34,"column":9},"end":{"line":38,"column":3}},"16":{"start":{"line":35,"column":4},"end":{"line":35,"column":45}},"17":{"start":{"line":37,"column":4},"end":{"line":37,"column":52}},"18":{"start":{"line":40,"column":2},"end":{"line":44,"column":5}}},"fnMap":{"0":{"name":"(anonymous_0)","decl":{"start":{"line":4,"column":32},"end":{"line":4,"column":33}},"loc":{"start":{"line":4,"column":52},"end":{"line":20,"column":1}},"line":4},"1":{"name":"(anonymous_1)","decl":{"start":{"line":23,"column":29},"end":{"line":23,"column":30}},"loc":{"start":{"line":23,"column":49},"end":{"line":45,"column":1}},"line":23}},"branchMap":{"0":{"loc":{"start":{"line":9,"column":2},"end":{"line":14,"column":3}},"type":"if","locations":[{"start":{"line":9,"column":2},"end":{"line":14,"column":3}},{"start":{"line":12,"column":9},"end":{"line":14,"column":3}}],"line":9},"1":{"loc":{"start":{"line":28,"column":19},"end":{"line":28,"column":46}},"type":"cond-expr","locations":[{"start":{"line":28,"column":26},"end":{"line":28,"column":39}},{"start":{"line":28,"column":42},"end":{"line":28,"column":46}}],"line":28},"2":{"loc":{"start":{"line":32,"column":2},"end":{"line":38,"column":3}},"type":"if","locations":[{"start":{"line":32,"column":2},"end":{"line":38,"column":3}},{"start":{"line":34,"column":9},"end":{"line":38,"column":3}}],"line":32},"3":{"loc":{"start":{"line":34,"column":9},"end":{"line":38,"column":3}},"type":"if","locations":[{"start":{"line":34,"column":9},"end":{"line":38,"column":3}},{"start":{"line":36,"column":9},"end":{"line":38,"column":3}}],"line":34}},"s":{"0":1,"1":1,"2":0,"3":0,"4":0,"5":0,"6":0,"7":0,"8":0,"9":1,"10":0,"11":0,"12":0,"13":0,"14":0,"15":0,"16":0,"17":0,"18":0},"f":{"0":0,"1":0},"b":{"0":[0,0],"1":[0,0],"2":[0,0],"3":[0,0]},"_coverageSchema":"1a1c01bbd47fc00a2c39e90264f33305004495a9","hash":"329c2dd575ce01558f9d566a0aab4200e774727d"}
,"/Users/prabhas/Downloads/farmer-marketplace-backend/src/controllers/userController.js": {"path":"/Users/prabhas/Downloads/farmer-marketplace-backend/src/controllers/userController.js","statementMap":{"0":{"start":{"line":1,"column":13},"end":{"line":1,"column":38}},"1":{"start":{"line":4,"column":0},"end":{"line":11,"column":2}},"2":{"start":{"line":5,"column":2},"end":{"line":10,"column":3}},"3":{"start":{"line":6,"column":17},"end":{"line":6,"column":44}},"4":{"start":{"line":7,"column":4},"end":{"line":7,"column":31}},"5":{"start":{"line":9,"column":4},"end":{"line":9,"column":51}},"6":{"start":{"line":14,"column":0},"end":{"line":21,"column":2}},"7":{"start":{"line":15,"column":2},"end":{"line":20,"column":3}},"8":{"start":{"line":16,"column":18},"end":{"line":16,"column":35}},"9":{"start":{"line":17,"column":4},"end":{"line":17,"column":20}},"10":{"start":{"line":19,"column":4},"end":{"line":19,"column":49}},"11":{"start":{"line":24,"column":0},"end":{"line":52,"column":2}},"12":{"start":{"line":25,"column":2},"end":{"line":51,"column":3}},"13":{"start":{"line":26,"column":41},"end":{"line":26,"column":49}},"14":{"start":{"line":28,"column":4},"end":{"line":30,"column":5}},"15":{"start":{"line":29,"column":6},"end":{"line":29,"column":87}},"16":{"start":{"line":32,"column":17},"end":{"line":32,"column":50}},"17":{"start":{"line":33,"column":4},"end":{"line":35,"column":5}},"18":{"start":{"line":34,"column":6},"end":{"line":34,"column":65}},"19":{"start":{"line":37,"column":4},"end":{"line":37,"column":39}},"20":{"start":{"line":38,"column":4},"end":{"line":38,"column":31}},"21":{"start":{"line":39,"column":4},"end":{"line":39,"column":40}},"22":{"start":{"line":41,"column":4},"end":{"line":41,"column":22}},"23":{"start":{"line":43,"column":4},"end":{"line":47,"column":7}},"24":{"start":{"line":50,"column":4},"end":{"line":50,"column":49}},"25":{"start":{"line":55,"column":0},"end":{"line":92,"column":2}},"26":{"start":{"line":56,"column":2},"end":{"line":91,"column":3}},"27":{"start":{"line":57,"column":32},"end":{"line":57,"column":40}},"28":{"start":{"line":58,"column":19},"end":{"line":58,"column":32}},"29":{"start":{"line":60,"column":4},"end":{"line":62,"column":5}},"30":{"start":{"line":61,"column":6},"end":{"line":61,"column":95}},"31":{"start":{"line":64,"column":17},"end":{"line":64,"column":44}},"32":{"start":{"line":65,"column":4},"end":{"line":67,"column":5}},"33":{"start":{"line":66,"column":6},"end":{"line":66,"column":65}},"34":{"start":{"line":69,"column":4},"end":{"line":69,"column":37}},"35":{"start":{"line":70,"column":4},"end":{"line":70,"column":45}},"36":{"start":{"line":73,"column":4},"end":{"line":75,"column":5}},"37":{"start":{"line":74,"column":6},"end":{"line":74,"column":27}},"38":{"start":{"line":77,"column":4},"end":{"line":77,"column":22}},"39":{"start":{"line":79,"column":4},"end":{"line":87,"column":7}},"40":{"start":{"line":90,"column":4},"end":{"line":90,"column":49}},"41":{"start":{"line":95,"column":0},"end":{"line":109,"column":2}},"42":{"start":{"line":96,"column":2},"end":{"line":108,"column":3}},"43":{"start":{"line":97,"column":17},"end":{"line":97,"column":50}},"44":{"start":{"line":99,"column":4},"end":{"line":101,"column":5}},"45":{"start":{"line":100,"column":6},"end":{"line":100,"column":65}},"46":{"start":{"line":102,"column":4},"end":{"line":105,"column":7}},"47":{"start":{"line":107,"column":4},"end":{"line":107,"column":49}},"48":{"start":{"line":111,"column":0},"end":{"line":151,"column":2}},"49":{"start":{"line":112,"column":2},"end":{"line":150,"column":3}},"50":{"start":{"line":113,"column":34},"end":{"line":113,"column":42}},"51":{"start":{"line":115,"column":4},"end":{"line":117,"column":5}},"52":{"start":{"line":116,"column":6},"end":{"line":116,"column":86}},"53":{"start":{"line":119,"column":17},"end":{"line":119,"column":50}},"54":{"start":{"line":120,"column":4},"end":{"line":122,"column":5}},"55":{"start":{"line":121,"column":6},"end":{"line":121,"column":65}},"56":{"start":{"line":125,"column":4},"end":{"line":128,"column":6}},"57":{"start":{"line":131,"column":4},"end":{"line":133,"column":5}},"58":{"start":{"line":132,"column":6},"end":{"line":132,"column":30}},"59":{"start":{"line":135,"column":4},"end":{"line":135,"column":22}},"60":{"start":{"line":137,"column":4},"end":{"line":146,"column":7}},"61":{"start":{"line":149,"column":4},"end":{"line":149,"column":49}},"62":{"start":{"line":154,"column":0},"end":{"line":181,"column":2}},"63":{"start":{"line":155,"column":2},"end":{"line":180,"column":3}},"64":{"start":{"line":156,"column":31},"end":{"line":156,"column":39}},"65":{"start":{"line":158,"column":17},"end":{"line":158,"column":50}},"66":{"start":{"line":159,"column":4},"end":{"line":161,"column":5}},"67":{"start":{"line":160,"column":6},"end":{"line":160,"column":65}},"68":{"start":{"line":163,"column":4},"end":{"line":163,"column":31}},"69":{"start":{"line":163,"column":14},"end":{"line":163,"column":31}},"70":{"start":{"line":164,"column":4},"end":{"line":164,"column":43}},"71":{"start":{"line":164,"column":18},"end":{"line":164,"column":43}},"72":{"start":{"line":166,"column":4},"end":{"line":166,"column":22}},"73":{"start":{"line":168,"column":4},"end":{"line":177,"column":7}},"74":{"start":{"line":179,"column":4},"end":{"line":179,"column":49}},"75":{"start":{"line":184,"column":0},"end":{"line":201,"column":2}},"76":{"start":{"line":185,"column":2},"end":{"line":200,"column":3}},"77":{"start":{"line":186,"column":17},"end":{"line":188,"column":5}},"78":{"start":{"line":190,"column":4},"end":{"line":192,"column":5}},"79":{"start":{"line":191,"column":6},"end":{"line":191,"column":65}},"80":{"start":{"line":194,"column":4},"end":{"line":197,"column":7}},"81":{"start":{"line":199,"column":4},"end":{"line":199,"column":49}}},"fnMap":{"0":{"name":"(anonymous_0)","decl":{"start":{"line":4,"column":21},"end":{"line":4,"column":22}},"loc":{"start":{"line":4,"column":41},"end":{"line":11,"column":1}},"line":4},"1":{"name":"(anonymous_1)","decl":{"start":{"line":14,"column":19},"end":{"line":14,"column":20}},"loc":{"start":{"line":14,"column":39},"end":{"line":21,"column":1}},"line":14},"2":{"name":"(anonymous_2)","decl":{"start":{"line":24,"column":30},"end":{"line":24,"column":31}},"loc":{"start":{"line":24,"column":50},"end":{"line":52,"column":1}},"line":24},"3":{"name":"(anonymous_3)","decl":{"start":{"line":55,"column":35},"end":{"line":55,"column":36}},"loc":{"start":{"line":55,"column":55},"end":{"line":92,"column":1}},"line":55},"4":{"name":"(anonymous_4)","decl":{"start":{"line":95,"column":25},"end":{"line":95,"column":26}},"loc":{"start":{"line":95,"column":45},"end":{"line":109,"column":1}},"line":95},"5":{"name":"(anonymous_5)","decl":{"start":{"line":111,"column":25},"end":{"line":111,"column":26}},"loc":{"start":{"line":111,"column":45},"end":{"line":151,"column":1}},"line":111},"6":{"name":"(anonymous_6)","decl":{"start":{"line":154,"column":24},"end":{"line":154,"column":25}},"loc":{"start":{"line":154,"column":44},"end":{"line":181,"column":1}},"line":154},"7":{"name":"(anonymous_7)","decl":{"start":{"line":184,"column":27},"end":{"line":184,"column":28}},"loc":{"start":{"line":184,"column":47},"end":{"line":201,"column":1}},"line":184}},"branchMap":{"0":{"loc":{"start":{"line":28,"column":4},"end":{"line":30,"column":5}},"type":"if","locations":[{"start":{"line":28,"column":4},"end":{"line":30,"column":5}},{"start":{},"end":{}}],"line":28},"1":{"loc":{"start":{"line":28,"column":8},"end":{"line":28,"column":36}},"type":"binary-expr","locations":[{"start":{"line":28,"column":8},"end":{"line":28,"column":22}},{"start":{"line":28,"column":26},"end":{"line":28,"column":36}}],"line":28},"2":{"loc":{"start":{"line":33,"column":4},"end":{"line":35,"column":5}},"type":"if","locations":[{"start":{"line":33,"column":4},"end":{"line":35,"column":5}},{"start":{},"end":{}}],"line":33},"3":{"loc":{"start":{"line":60,"column":4},"end":{"line":62,"column":5}},"type":"if","locations":[{"start":{"line":60,"column":4},"end":{"line":62,"column":5}},{"start":{},"end":{}}],"line":60},"4":{"loc":{"start":{"line":65,"column":4},"end":{"line":67,"column":5}},"type":"if","locations":[{"start":{"line":65,"column":4},"end":{"line":67,"column":5}},{"start":{},"end":{}}],"line":65},"5":{"loc":{"start":{"line":70,"column":31},"end":{"line":70,"column":44}},"type":"binary-expr","locations":[{"start":{"line":70,"column":31},"end":{"line":70,"column":38}},{"start":{"line":70,"column":42},"end":{"line":70,"column":44}}],"line":70},"6":{"loc":{"start":{"line":73,"column":4},"end":{"line":75,"column":5}},"type":"if","locations":[{"start":{"line":73,"column":4},"end":{"line":75,"column":5}},{"start":{},"end":{}}],"line":73},"7":{"loc":{"start":{"line":73,"column":8},"end":{"line":73,"column":53}},"type":"binary-expr","locations":[{"start":{"line":73,"column":8},"end":{"line":73,"column":29}},{"start":{"line":73,"column":33},"end":{"line":73,"column":53}}],"line":73},"8":{"loc":{"start":{"line":99,"column":4},"end":{"line":101,"column":5}},"type":"if","locations":[{"start":{"line":99,"column":4},"end":{"line":101,"column":5}},{"start":{},"end":{}}],"line":99},"9":{"loc":{"start":{"line":115,"column":4},"end":{"line":117,"column":5}},"type":"if","locations":[{"start":{"line":115,"column":4},"end":{"line":117,"column":5}},{"start":{},"end":{}}],"line":115},"10":{"loc":{"start":{"line":115,"column":8},"end":{"line":115,"column":20}},"type":"binary-expr","locations":[{"start":{"line":115,"column":8},"end":{"line":115,"column":12}},{"start":{"line":115,"column":16},"end":{"line":115,"column":20}}],"line":115},"11":{"loc":{"start":{"line":120,"column":4},"end":{"line":122,"column":5}},"type":"if","locations":[{"start":{"line":120,"column":4},"end":{"line":122,"column":5}},{"start":{},"end":{}}],"line":120},"12":{"loc":{"start":{"line":131,"column":4},"end":{"line":133,"column":5}},"type":"if","locations":[{"start":{"line":131,"column":4},"end":{"line":133,"column":5}},{"start":{},"end":{}}],"line":131},"13":{"loc":{"start":{"line":159,"column":4},"end":{"line":161,"column":5}},"type":"if","locations":[{"start":{"line":159,"column":4},"end":{"line":161,"column":5}},{"start":{},"end":{}}],"line":159},"14":{"loc":{"start":{"line":163,"column":4},"end":{"line":163,"column":31}},"type":"if","locations":[{"start":{"line":163,"column":4},"end":{"line":163,"column":31}},{"start":{},"end":{}}],"line":163},"15":{"loc":{"start":{"line":164,"column":4},"end":{"line":164,"column":43}},"type":"if","locations":[{"start":{"line":164,"column":4},"end":{"line":164,"column":43}},{"start":{},"end":{}}],"line":164},"16":{"loc":{"start":{"line":190,"column":4},"end":{"line":192,"column":5}},"type":"if","locations":[{"start":{"line":190,"column":4},"end":{"line":192,"column":5}},{"start":{},"end":{}}],"line":190}},"s":{"0":1,"1":1,"2":0,"3":0,"4":0,"5":0,"6":1,"7":0,"8":0,"9":0,"10":0,"11":1,"12":0,"13":0,"14":0,"15":0,"16":0,"17":0,"18":0,"19":0,"20":0,"21":0,"22":0,"23":0,"24":0,"25":1,"26":0,"27":0,"28":0,"29":0,"30":0,"31":0,"32":0,"33":0,"34":0,"35":0,"36":0,"37":0,"38":0,"39":0,"40":0,"41":1,"42":0,"43":0,"44":0,"45":0,"46":0,"47":0,"48":1,"49":0,"50":0,"51":0,"52":0,"53":0,"54":0,"55":0,"56":0,"57":0,"58":0,"59":0,"60":0,"61":0,"62":1,"63":0,"64":0,"65":0,"66":0,"67":0,"68":0,"69":0,"70":0,"71":0,"72":0,"73":0,"74":0,"75":1,"76":0,"77":0,"78":0,"79":0,"80":0,"81":0},"f":{"0":0,"1":0,"2":0,"3":0,"4":0,"5":0,"6":0,"7":0},"b":{"0":[0,0],"1":[0,0],"2":[0,0],"3":[0,0],"4":[0,0],"5":[0,0],"6":[0,0],"7":[0,0],"8":[0,0],"9":[0,0],"10":[0,0],"11":[0,0],"12":[0,0],"13":[0,0],"14":[0,0],"15":[0,0],"16":[0,0]},"_coverageSchema":"1a1c01bbd47fc00a2c39e90264f33305004495a9","hash":"9d53921f8d67f45fd909037ccbac78da8ffb27d5"}
,"/Users/prabhas/Downloads/farmer-marketplace-backend/src/controllers/watchlistController.js": {"path":"/Users/prabhas/Downloads/farmer-marketplace-backend/src/controllers/watchlistController.js","statementMap":{"0":{"start":{"line":1,"column":18},"end":{"line":1,"column":48}},"1":{"start":{"line":4,"column":0},"end":{"line":29,"column":2}},"2":{"start":{"line":5,"column":4},"end":{"line":28,"column":5}},"3":{"start":{"line":6,"column":32},"end":{"line":6,"column":40}},"4":{"start":{"line":8,"column":8},"end":{"line":10,"column":9}},"5":{"start":{"line":9,"column":12},"end":{"line":9,"column":84}},"6":{"start":{"line":12,"column":26},"end":{"line":16,"column":10}},"7":{"start":{"line":18,"column":8},"end":{"line":22,"column":11}},"8":{"start":{"line":24,"column":8},"end":{"line":26,"column":9}},"9":{"start":{"line":25,"column":12},"end":{"line":25,"column":105}},"10":{"start":{"line":27,"column":8},"end":{"line":27,"column":53}},"11":{"start":{"line":32,"column":0},"end":{"line":43,"column":2}},"12":{"start":{"line":33,"column":4},"end":{"line":42,"column":5}},"13":{"start":{"line":34,"column":26},"end":{"line":34,"column":70}},"14":{"start":{"line":35,"column":8},"end":{"line":39,"column":11}},"15":{"start":{"line":41,"column":8},"end":{"line":41,"column":53}},"16":{"start":{"line":46,"column":0},"end":{"line":64,"column":2}},"17":{"start":{"line":47,"column":4},"end":{"line":63,"column":5}},"18":{"start":{"line":48,"column":26},"end":{"line":51,"column":10}},"19":{"start":{"line":53,"column":8},"end":{"line":55,"column":9}},"20":{"start":{"line":54,"column":12},"end":{"line":54,"column":79}},"21":{"start":{"line":57,"column":8},"end":{"line":60,"column":11}},"22":{"start":{"line":62,"column":8},"end":{"line":62,"column":53}}},"fnMap":{"0":{"name":"(anonymous_0)","decl":{"start":{"line":4,"column":20},"end":{"line":4,"column":21}},"loc":{"start":{"line":4,"column":40},"end":{"line":29,"column":1}},"line":4},"1":{"name":"(anonymous_1)","decl":{"start":{"line":32,"column":25},"end":{"line":32,"column":26}},"loc":{"start":{"line":32,"column":45},"end":{"line":43,"column":1}},"line":32},"2":{"name":"(anonymous_2)","decl":{"start":{"line":46,"column":22},"end":{"line":46,"column":23}},"loc":{"start":{"line":46,"column":42},"end":{"line":64,"column":1}},"line":46}},"branchMap":{"0":{"loc":{"start":{"line":8,"column":8},"end":{"line":10,"column":9}},"type":"if","locations":[{"start":{"line":8,"column":8},"end":{"line":10,"column":9}},{"start":{},"end":{}}],"line":8},"1":{"loc":{"start":{"line":8,"column":12},"end":{"line":8,"column":27}},"type":"binary-expr","locations":[{"start":{"line":8,"column":12},"end":{"line":8,"column":17}},{"start":{"line":8,"column":21},"end":{"line":8,"column":27}}],"line":8},"2":{"loc":{"start":{"line":24,"column":8},"end":{"line":26,"column":9}},"type":"if","locations":[{"start":{"line":24,"column":8},"end":{"line":26,"column":9}},{"start":{},"end":{}}],"line":24},"3":{"loc":{"start":{"line":53,"column":8},"end":{"line":55,"column":9}},"type":"if","locations":[{"start":{"line":53,"column":8},"end":{"line":55,"column":9}},{"start":{},"end":{}}],"line":53}},"s":{"0":1,"1":1,"2":0,"3":0,"4":0,"5":0,"6":0,"7":0,"8":0,"9":0,"10":0,"11":1,"12":0,"13":0,"14":0,"15":0,"16":1,"17":0,"18":0,"19":0,"20":0,"21":0,"22":0},"f":{"0":0,"1":0,"2":0},"b":{"0":[0,0],"1":[0,0],"2":[0,0],"3":[0,0]},"_coverageSchema":"1a1c01bbd47fc00a2c39e90264f33305004495a9","hash":"83038627f3734f860ddc0f110bd2fae14cd97ce6"}
,"/Users/prabhas/Downloads/farmer-marketplace-backend/src/middleware/authMiddleware.js": {"path":"/Users/prabhas/Downloads/farmer-marketplace-backend/src/middleware/authMiddleware.js","statementMap":{"0":{"start":{"line":1,"column":12},"end":{"line":1,"column":35}},"1":{"start":{"line":2,"column":13},"end":{"line":2,"column":38}},"2":{"start":{"line":5,"column":0},"end":{"line":40,"column":2}},"3":{"start":{"line":8,"column":2},"end":{"line":10,"column":3}},"4":{"start":{"line":9,"column":4},"end":{"line":9,"column":52}},"5":{"start":{"line":12,"column":2},"end":{"line":17,"column":3}},"6":{"start":{"line":13,"column":4},"end":{"line":16,"column":7}},"7":{"start":{"line":19,"column":2},"end":{"line":39,"column":3}},"8":{"start":{"line":21,"column":20},"end":{"line":21,"column":61}},"9":{"start":{"line":24,"column":4},"end":{"line":24,"column":47}},"10":{"start":{"line":26,"column":4},"end":{"line":31,"column":5}},"11":{"start":{"line":27,"column":6},"end":{"line":30,"column":9}},"12":{"start":{"line":33,"column":4},"end":{"line":33,"column":11}},"13":{"start":{"line":35,"column":4},"end":{"line":38,"column":7}},"14":{"start":{"line":43,"column":0},"end":{"line":53,"column":2}},"15":{"start":{"line":44,"column":2},"end":{"line":52,"column":4}},"16":{"start":{"line":45,"column":4},"end":{"line":50,"column":5}},"17":{"start":{"line":46,"column":6},"end":{"line":49,"column":9}},"18":{"start":{"line":51,"column":4},"end":{"line":51,"column":11}},"19":{"start":{"line":55,"column":0},"end":{"line":63,"column":2}},"20":{"start":{"line":56,"column":2},"end":{"line":61,"column":3}},"21":{"start":{"line":57,"column":4},"end":{"line":60,"column":7}},"22":{"start":{"line":62,"column":2},"end":{"line":62,"column":9}}},"fnMap":{"0":{"name":"(anonymous_0)","decl":{"start":{"line":5,"column":18},"end":{"line":5,"column":19}},"loc":{"start":{"line":5,"column":44},"end":{"line":40,"column":1}},"line":5},"1":{"name":"(anonymous_1)","decl":{"start":{"line":43,"column":20},"end":{"line":43,"column":21}},"loc":{"start":{"line":43,"column":34},"end":{"line":53,"column":1}},"line":43},"2":{"name":"(anonymous_2)","decl":{"start":{"line":44,"column":9},"end":{"line":44,"column":10}},"loc":{"start":{"line":44,"column":29},"end":{"line":52,"column":3}},"line":44},"3":{"name":"(anonymous_3)","decl":{"start":{"line":55,"column":30},"end":{"line":55,"column":31}},"loc":{"start":{"line":55,"column":50},"end":{"line":63,"column":1}},"line":55}},"branchMap":{"0":{"loc":{"start":{"line":8,"column":2},"end":{"line":10,"column":3}},"type":"if","locations":[{"start":{"line":8,"column":2},"end":{"line":10,"column":3}},{"start":{},"end":{}}],"line":8},"1":{"loc":{"start":{"line":8,"column":6},"end":{"line":8,"column":81}},"type":"binary-expr","locations":[{"start":{"line":8,"column":6},"end":{"line":8,"column":31}},{"start":{"line":8,"column":35},"end":{"line":8,"column":81}}],"line":8},"2":{"loc":{"start":{"line":12,"column":2},"end":{"line":17,"column":3}},"type":"if","locations":[{"start":{"line":12,"column":2},"end":{"line":17,"column":3}},{"start":{},"end":{}}],"line":12},"3":{"loc":{"start":{"line":26,"column":4},"end":{"line":31,"column":5}},"type":"if","locations":[{"start":{"line":26,"column":4},"end":{"line":31,"column":5}},{"start":{},"end":{}}],"line":26},"4":{"loc":{"start":{"line":45,"column":4},"end":{"line":50,"column":5}},"type":"if","locations":[{"start":{"line":45,"column":4},"end":{"line":50,"column":5}},{"start":{},"end":{}}],"line":45},"5":{"loc":{"start":{"line":56,"column":2},"end":{"line":61,"column":3}},"type":"if","locations":[{"start":{"line":56,"column":2},"end":{"line":61,"column":3}},{"start":{},"end":{}}],"line":56}},"s":{"0":1,"1":1,"2":1,"3":2,"4":2,"5":2,"6":0,"7":2,"8":2,"9":2,"10":2,"11":0,"12":2,"13":0,"14":1,"15":3,"16":0,"17":0,"18":0,"19":1,"20":0,"21":0,"22":0},"f":{"0":2,"1":3,"2":0,"3":0},"b":{"0":[2,0],"1":[2,2],"2":[0,2],"3":[0,2],"4":[0,0],"5":[0,0]},"_coverageSchema":"1a1c01bbd47fc00a2c39e90264f33305004495a9","hash":"4a22e0f827e09d643569b5fa7265b65ec361df9d"}
,"/Users/prabhas/Downloads/farmer-marketplace-backend/src/models/Auction.js": {"path":"/Users/prabhas/Downloads/farmer-marketplace-backend/src/models/Auction.js","statementMap":{"0":{"start":{"line":1,"column":17},"end":{"line":1,"column":36}},"1":{"start":{"line":3,"column":18},"end":{"line":17,"column":2}},"2":{"start":{"line":19,"column":22},"end":{"line":59,"column":1}},"3":{"start":{"line":61,"column":0},"end":{"line":61,"column":58}}},"fnMap":{},"branchMap":{},"s":{"0":1,"1":1,"2":1,"3":1},"f":{},"b":{},"_coverageSchema":"1a1c01bbd47fc00a2c39e90264f33305004495a9","hash":"6200597c24de3a6fb7e888007f9f80c3b11c666f"}
,"/Users/prabhas/Downloads/farmer-marketplace-backend/src/models/Chat.js": {"path":"/Users/prabhas/Downloads/farmer-marketplace-backend/src/models/Chat.js","statementMap":{"0":{"start":{"line":1,"column":17},"end":{"line":1,"column":36}},"1":{"start":{"line":3,"column":22},"end":{"line":26,"column":2}},"2":{"start":{"line":28,"column":19},"end":{"line":42,"column":2}},"3":{"start":{"line":44,"column":0},"end":{"line":44,"column":38}},"4":{"start":{"line":46,"column":0},"end":{"line":46,"column":52}}},"fnMap":{},"branchMap":{},"s":{"0":1,"1":1,"2":1,"3":1,"4":1},"f":{},"b":{},"_coverageSchema":"1a1c01bbd47fc00a2c39e90264f33305004495a9","hash":"ff7ec9c93b38dbee0b56f55075e98e2795300be4"}
,"/Users/prabhas/Downloads/farmer-marketplace-backend/src/models/Deal.js": {"path":"/Users/prabhas/Downloads/farmer-marketplace-backend/src/models/Deal.js","statementMap":{"0":{"start":{"line":1,"column":17},"end":{"line":1,"column":36}},"1":{"start":{"line":3,"column":19},"end":{"line":53,"column":2}},"2":{"start":{"line":56,"column":0},"end":{"line":61,"column":3}},"3":{"start":{"line":57,"column":4},"end":{"line":60,"column":5}},"4":{"start":{"line":58,"column":8},"end":{"line":58,"column":31}},"5":{"start":{"line":59,"column":8},"end":{"line":59,"column":19}},"6":{"start":{"line":63,"column":0},"end":{"line":63,"column":52}}},"fnMap":{"0":{"name":"(anonymous_0)","decl":{"start":{"line":56,"column":27},"end":{"line":56,"column":28}},"loc":{"start":{"line":56,"column":42},"end":{"line":61,"column":1}},"line":56}},"branchMap":{"0":{"loc":{"start":{"line":57,"column":4},"end":{"line":60,"column":5}},"type":"if","locations":[{"start":{"line":57,"column":4},"end":{"line":60,"column":5}},{"start":{},"end":{}}],"line":57},"1":{"loc":{"start":{"line":57,"column":8},"end":{"line":57,"column":69}},"type":"binary-expr","locations":[{"start":{"line":57,"column":8},"end":{"line":57,"column":11}},{"start":{"line":57,"column":15},"end":{"line":57,"column":39}},{"start":{"line":57,"column":43},"end":{"line":57,"column":69}}],"line":57}},"s":{"0":1,"1":1,"2":1,"3":0,"4":0,"5":0,"6":1},"f":{"0":0},"b":{"0":[0,0],"1":[0,0,0]},"_coverageSchema":"1a1c01bbd47fc00a2c39e90264f33305004495a9","hash":"a5880027751c05941d5c6cfefc6d7a78d0498f12"}
,"/Users/prabhas/Downloads/farmer-marketplace-backend/src/models/Inventory.js": {"path":"/Users/prabhas/Downloads/farmer-marketplace-backend/src/models/Inventory.js","statementMap":{"0":{"start":{"line":1,"column":17},"end":{"line":1,"column":36}},"1":{"start":{"line":3,"column":24},"end":{"line":35,"column":1}},"2":{"start":{"line":37,"column":0},"end":{"line":37,"column":62}}},"fnMap":{},"branchMap":{},"s":{"0":1,"1":1,"2":1},"f":{},"b":{},"_coverageSchema":"1a1c01bbd47fc00a2c39e90264f33305004495a9","hash":"7554d1f6273c3b4c62c307865c8ecc749d44c1dd"}
,"/Users/prabhas/Downloads/farmer-marketplace-backend/src/models/LanguagePreference.js": {"path":"/Users/prabhas/Downloads/farmer-marketplace-backend/src/models/LanguagePreference.js","statementMap":{"0":{"start":{"line":1,"column":17},"end":{"line":1,"column":36}},"1":{"start":{"line":3,"column":33},"end":{"line":13,"column":2}},"2":{"start":{"line":15,"column":0},"end":{"line":18,"column":2}}},"fnMap":{},"branchMap":{},"s":{"0":1,"1":1,"2":1},"f":{},"b":{},"_coverageSchema":"1a1c01bbd47fc00a2c39e90264f33305004495a9","hash":"869e28c916e0e43e5c70e101ced55b9d3c91324b"}
,"/Users/prabhas/Downloads/farmer-marketplace-backend/src/models/MandiPrice.js": {"path":"/Users/prabhas/Downloads/farmer-marketplace-backend/src/models/MandiPrice.js","statementMap":{"0":{"start":{"line":1,"column":17},"end":{"line":1,"column":36}},"1":{"start":{"line":3,"column":25},"end":{"line":41,"column":1}},"2":{"start":{"line":44,"column":0},"end":{"line":44,"column":49}},"3":{"start":{"line":46,"column":0},"end":{"line":46,"column":64}}},"fnMap":{},"branchMap":{},"s":{"0":1,"1":1,"2":1,"3":1},"f":{},"b":{},"_coverageSchema":"1a1c01bbd47fc00a2c39e90264f33305004495a9","hash":"bcfde033b359833c2890c70ba33fd01e751839bd"}
,"/Users/prabhas/Downloads/farmer-marketplace-backend/src/models/User.js": {"path":"/Users/prabhas/Downloads/farmer-marketplace-backend/src/models/User.js","statementMap":{"0":{"start":{"line":1,"column":17},"end":{"line":1,"column":36}},"1":{"start":{"line":3,"column":19},"end":{"line":77,"column":24}},"2":{"start":{"line":80,"column":15},"end":{"line":80,"column":34}},"3":{"start":{"line":82,"column":0},"end":{"line":88,"column":3}},"4":{"start":{"line":83,"column":2},"end":{"line":85,"column":3}},"5":{"start":{"line":84,"column":4},"end":{"line":84,"column":11}},"6":{"start":{"line":86,"column":15},"end":{"line":86,"column":39}},"7":{"start":{"line":87,"column":2},"end":{"line":87,"column":57}},"8":{"start":{"line":91,"column":0},"end":{"line":93,"column":2}},"9":{"start":{"line":92,"column":2},"end":{"line":92,"column":62}},"10":{"start":{"line":96,"column":0},"end":{"line":96,"column":54}},"11":{"start":{"line":98,"column":0},"end":{"line":98,"column":52}}},"fnMap":{"0":{"name":"(anonymous_0)","decl":{"start":{"line":82,"column":23},"end":{"line":82,"column":24}},"loc":{"start":{"line":82,"column":41},"end":{"line":88,"column":1}},"line":82},"1":{"name":"(anonymous_1)","decl":{"start":{"line":91,"column":35},"end":{"line":91,"column":36}},"loc":{"start":{"line":91,"column":68},"end":{"line":93,"column":1}},"line":91}},"branchMap":{"0":{"loc":{"start":{"line":83,"column":2},"end":{"line":85,"column":3}},"type":"if","locations":[{"start":{"line":83,"column":2},"end":{"line":85,"column":3}},{"start":{},"end":{}}],"line":83}},"s":{"0":1,"1":1,"2":1,"3":1,"4":1,"5":0,"6":1,"7":1,"8":1,"9":0,"10":1,"11":1},"f":{"0":1,"1":0},"b":{"0":[0,1]},"_coverageSchema":"1a1c01bbd47fc00a2c39e90264f33305004495a9","hash":"f38568fe845e0e4582fce58c6a70bf845eb4f619"}
,"/Users/prabhas/Downloads/farmer-marketplace-backend/src/models/Watchlist.js": {"path":"/Users/prabhas/Downloads/farmer-marketplace-backend/src/models/Watchlist.js","statementMap":{"0":{"start":{"line":1,"column":17},"end":{"line":1,"column":36}},"1":{"start":{"line":3,"column":24},"end":{"line":21,"column":2}},"2":{"start":{"line":24,"column":0},"end":{"line":24,"column":72}},"3":{"start":{"line":26,"column":0},"end":{"line":26,"column":62}}},"fnMap":{},"branchMap":{},"s":{"0":1,"1":1,"2":1,"3":1},"f":{},"b":{},"_coverageSchema":"1a1c01bbd47fc00a2c39e90264f33305004495a9","hash":"02ed497b62b9cf9d631f6ee0873b5681584a480c"}
,"/Users/prabhas/Downloads/farmer-marketplace-backend/src/routes/analyticsRoutes.js": {"path":"/Users/prabhas/Downloads/farmer-marketplace-backend/src/routes/analyticsRoutes.js","statementMap":{"0":{"start":{"line":1,"column":16},"end":{"line":1,"column":34}},"1":{"start":{"line":2,"column":15},"end":{"line":2,"column":31}},"2":{"start":{"line":3,"column":28},"end":{"line":3,"column":73}},"3":{"start":{"line":4,"column":20},"end":{"line":4,"column":59}},"4":{"start":{"line":43,"column":0},"end":{"line":43,"column":77}},"5":{"start":{"line":45,"column":0},"end":{"line":45,"column":24}}},"fnMap":{},"branchMap":{},"s":{"0":1,"1":1,"2":1,"3":1,"4":1,"5":1},"f":{},"b":{},"_coverageSchema":"1a1c01bbd47fc00a2c39e90264f33305004495a9","hash":"2b01091402f83a15f5c5c601fe88656f547373e7"}
,"/Users/prabhas/Downloads/farmer-marketplace-backend/src/routes/auctionRoutes.js": {"path":"/Users/prabhas/Downloads/farmer-marketplace-backend/src/routes/auctionRoutes.js","statementMap":{"0":{"start":{"line":1,"column":16},"end":{"line":1,"column":34}},"1":{"start":{"line":2,"column":15},"end":{"line":2,"column":31}},"2":{"start":{"line":9,"column":4},"end":{"line":9,"column":47}},"3":{"start":{"line":15,"column":4},"end":{"line":15,"column":43}},"4":{"start":{"line":18,"column":0},"end":{"line":24,"column":2}},"5":{"start":{"line":27,"column":0},"end":{"line":33,"column":2}},"6":{"start":{"line":36,"column":0},"end":{"line":41,"column":2}},"7":{"start":{"line":44,"column":0},"end":{"line":48,"column":2}},"8":{"start":{"line":50,"column":0},"end":{"line":50,"column":24}}},"fnMap":{},"branchMap":{},"s":{"0":1,"1":1,"2":1,"3":1,"4":1,"5":1,"6":1,"7":1,"8":1},"f":{},"b":{},"_coverageSchema":"1a1c01bbd47fc00a2c39e90264f33305004495a9","hash":"94e2e51f8e71f4da8d35ce65ee0fbf3e47457044"}
,"/Users/prabhas/Downloads/farmer-marketplace-backend/src/routes/authRoutes.js": {"path":"/Users/prabhas/Downloads/farmer-marketplace-backend/src/routes/authRoutes.js","statementMap":{"0":{"start":{"line":1,"column":16},"end":{"line":1,"column":34}},"1":{"start":{"line":2,"column":15},"end":{"line":2,"column":31}},"2":{"start":{"line":3,"column":19},"end":{"line":3,"column":59}},"3":{"start":{"line":6,"column":0},"end":{"line":6,"column":45}},"4":{"start":{"line":7,"column":0},"end":{"line":7,"column":49}},"5":{"start":{"line":8,"column":0},"end":{"line":8,"column":59}},"6":{"start":{"line":9,"column":0},"end":{"line":9,"column":44}},"7":{"start":{"line":11,"column":0},"end":{"line":11,"column":24}}},"fnMap":{},"branchMap":{},"s":{"0":1,"1":1,"2":1,"3":1,"4":1,"5":1,"6":1,"7":1},"f":{},"b":{},"_coverageSchema":"1a1c01bbd47fc00a2c39e90264f33305004495a9","hash":"8fdc72858c417729b088b6d438de996c5ab4c48f"}
,"/Users/prabhas/Downloads/farmer-marketplace-backend/src/routes/chatRoutes.js": {"path":"/Users/prabhas/Downloads/farmer-marketplace-backend/src/routes/chatRoutes.js","statementMap":{"0":{"start":{"line":1,"column":16},"end":{"line":1,"column":34}},"1":{"start":{"line":2,"column":15},"end":{"line":2,"column":31}},"2":{"start":{"line":3,"column":19},"end":{"line":3,"column":59}},"3":{"start":{"line":4,"column":20},"end":{"line":4,"column":59}},"4":{"start":{"line":6,"column":0},"end":{"line":6,"column":20}},"5":{"start":{"line":8,"column":0},"end":{"line":8,"column":49}},"6":{"start":{"line":9,"column":0},"end":{"line":9,"column":51}},"7":{"start":{"line":10,"column":0},"end":{"line":10,"column":47}},"8":{"start":{"line":12,"column":0},"end":{"line":12,"column":24}}},"fnMap":{},"branchMap":{},"s":{"0":1,"1":1,"2":1,"3":1,"4":1,"5":1,"6":1,"7":1,"8":1},"f":{},"b":{},"_coverageSchema":"1a1c01bbd47fc00a2c39e90264f33305004495a9","hash":"b088d56add1f8571fc4f75b1a2e46cea4282ab9c"}
,"/Users/prabhas/Downloads/farmer-marketplace-backend/src/routes/dealRoutes.js": {"path":"/Users/prabhas/Downloads/farmer-marketplace-backend/src/routes/dealRoutes.js","statementMap":{"0":{"start":{"line":1,"column":16},"end":{"line":1,"column":34}},"1":{"start":{"line":2,"column":15},"end":{"line":2,"column":31}},"2":{"start":{"line":3,"column":19},"end":{"line":3,"column":59}},"3":{"start":{"line":4,"column":20},"end":{"line":4,"column":59}},"4":{"start":{"line":6,"column":0},"end":{"line":6,"column":20}},"5":{"start":{"line":8,"column":0},"end":{"line":8,"column":40}},"6":{"start":{"line":9,"column":0},"end":{"line":9,"column":48}},"7":{"start":{"line":10,"column":0},"end":{"line":10,"column":51}},"8":{"start":{"line":11,"column":0},"end":{"line":11,"column":51}},"9":{"start":{"line":12,"column":0},"end":{"line":12,"column":39}},"10":{"start":{"line":14,"column":0},"end":{"line":14,"column":24}}},"fnMap":{},"branchMap":{},"s":{"0":1,"1":1,"2":1,"3":1,"4":1,"5":1,"6":1,"7":1,"8":1,"9":1,"10":1},"f":{},"b":{},"_coverageSchema":"1a1c01bbd47fc00a2c39e90264f33305004495a9","hash":"38542120f4f4f1938c090f4ff108a809e1195a17"}
,"/Users/prabhas/Downloads/farmer-marketplace-backend/src/routes/inventoryRoutes.js": {"path":"/Users/prabhas/Downloads/farmer-marketplace-backend/src/routes/inventoryRoutes.js","statementMap":{"0":{"start":{"line":1,"column":16},"end":{"line":1,"column":34}},"1":{"start":{"line":2,"column":15},"end":{"line":2,"column":31}},"2":{"start":{"line":3,"column":28},"end":{"line":3,"column":73}},"3":{"start":{"line":4,"column":23},"end":{"line":4,"column":62}},"4":{"start":{"line":7,"column":0},"end":{"line":7,"column":35}},"5":{"start":{"line":10,"column":0},"end":{"line":10,"column":52}},"6":{"start":{"line":13,"column":0},"end":{"line":13,"column":54}},"7":{"start":{"line":16,"column":0},"end":{"line":16,"column":66}},"8":{"start":{"line":19,"column":0},"end":{"line":19,"column":54}},"9":{"start":{"line":22,"column":0},"end":{"line":22,"column":61}},"10":{"start":{"line":24,"column":0},"end":{"line":24,"column":24}}},"fnMap":{},"branchMap":{},"s":{"0":1,"1":1,"2":1,"3":1,"4":1,"5":1,"6":1,"7":1,"8":1,"9":1,"10":1},"f":{},"b":{},"_coverageSchema":"1a1c01bbd47fc00a2c39e90264f33305004495a9","hash":"0061926940481c7a8210380aa4deefdae9b41ac4"}
,"/Users/prabhas/Downloads/farmer-marketplace-backend/src/routes/mandiRoutes.js": {"path":"/Users/prabhas/Downloads/farmer-marketplace-backend/src/routes/mandiRoutes.js","statementMap":{"0":{"start":{"line":1,"column":16},"end":{"line":1,"column":34}},"1":{"start":{"line":2,"column":15},"end":{"line":2,"column":31}},"2":{"start":{"line":3,"column":19},"end":{"line":3,"column":60}},"3":{"start":{"line":7,"column":4},"end":{"line":7,"column":43}},"4":{"start":{"line":10,"column":0},"end":{"line":15,"column":2}},"5":{"start":{"line":20,"column":0},"end":{"line":20,"column":43}},"6":{"start":{"line":24,"column":0},"end":{"line":24,"column":59}},"7":{"start":{"line":26,"column":0},"end":{"line":26,"column":24}}},"fnMap":{},"branchMap":{},"s":{"0":1,"1":1,"2":1,"3":1,"4":1,"5":1,"6":1,"7":1},"f":{},"b":{},"_coverageSchema":"1a1c01bbd47fc00a2c39e90264f33305004495a9","hash":"6586232062d0b23a948a40413e4aecf1550cd992"}
,"/Users/prabhas/Downloads/farmer-marketplace-backend/src/routes/multimodalRoutes.js": {"path":"/Users/prabhas/Downloads/farmer-marketplace-backend/src/routes/multimodalRoutes.js","statementMap":{"0":{"start":{"line":1,"column":16},"end":{"line":1,"column":34}},"1":{"start":{"line":2,"column":15},"end":{"line":2,"column":31}},"2":{"start":{"line":3,"column":19},"end":{"line":3,"column":65}},"3":{"start":{"line":7,"column":4},"end":{"line":7,"column":43}},"4":{"start":{"line":10,"column":0},"end":{"line":14,"column":2}},"5":{"start":{"line":17,"column":0},"end":{"line":22,"column":2}},"6":{"start":{"line":24,"column":0},"end":{"line":24,"column":24}}},"fnMap":{},"branchMap":{},"s":{"0":1,"1":1,"2":1,"3":1,"4":1,"5":1,"6":1},"f":{},"b":{},"_coverageSchema":"1a1c01bbd47fc00a2c39e90264f33305004495a9","hash":"ef0c8e06d73063f306258d0e092c5ef73fa6c49a"}
,"/Users/prabhas/Downloads/farmer-marketplace-backend/src/routes/userRoutes.js": {"path":"/Users/prabhas/Downloads/farmer-marketplace-backend/src/routes/userRoutes.js","statementMap":{"0":{"start":{"line":1,"column":16},"end":{"line":1,"column":34}},"1":{"start":{"line":2,"column":15},"end":{"line":2,"column":31}},"2":{"start":{"line":3,"column":23},"end":{"line":3,"column":63}},"3":{"start":{"line":4,"column":31},"end":{"line":4,"column":70}},"4":{"start":{"line":7,"column":0},"end":{"line":7,"column":44}},"5":{"start":{"line":10,"column":0},"end":{"line":14,"column":2}},"6":{"start":{"line":17,"column":0},"end":{"line":21,"column":2}},"7":{"start":{"line":24,"column":0},"end":{"line":29,"column":2}},"8":{"start":{"line":32,"column":0},"end":{"line":36,"column":2}},"9":{"start":{"line":39,"column":0},"end":{"line":43,"column":2}},"10":{"start":{"line":46,"column":0},"end":{"line":50,"column":2}},"11":{"start":{"line":53,"column":0},"end":{"line":56,"column":2}},"12":{"start":{"line":58,"column":0},"end":{"line":58,"column":24}}},"fnMap":{},"branchMap":{},"s":{"0":1,"1":1,"2":1,"3":1,"4":1,"5":1,"6":1,"7":1,"8":1,"9":1,"10":1,"11":1,"12":1},"f":{},"b":{},"_coverageSchema":"1a1c01bbd47fc00a2c39e90264f33305004495a9","hash":"96375fea7054e1f002808b4fd923455fee740060"}
,"/Users/prabhas/Downloads/farmer-marketplace-backend/src/routes/watchlistRoutes.js": {"path":"/Users/prabhas/Downloads/farmer-marketplace-backend/src/routes/watchlistRoutes.js","statementMap":{"0":{"start":{"line":1,"column":16},"end":{"line":1,"column":34}},"1":{"start":{"line":2,"column":15},"end":{"line":2,"column":31}},"2":{"start":{"line":3,"column":19},"end":{"line":3,"column":64}},"3":{"start":{"line":4,"column":20},"end":{"line":4,"column":59}},"4":{"start":{"line":7,"column":0},"end":{"line":7,"column":20}},"5":{"start":{"line":9,"column":0},"end":{"line":9,"column":39}},"6":{"start":{"line":10,"column":0},"end":{"line":10,"column":43}},"7":{"start":{"line":11,"column":0},"end":{"line":11,"column":46}},"8":{"start":{"line":13,"column":0},"end":{"line":13,"column":24}}},"fnMap":{},"branchMap":{},"s":{"0":1,"1":1,"2":1,"3":1,"4":1,"5":1,"6":1,"7":1,"8":1},"f":{},"b":{},"_coverageSchema":"1a1c01bbd47fc00a2c39e90264f33305004495a9","hash":"bc3c783cde50b07776d03bcb3092f1a037e2260e"}
,"/Users/prabhas/Downloads/farmer-marketplace-backend/src/services/trustService.js": {"path":"/Users/prabhas/Downloads/farmer-marketplace-backend/src/services/trustService.js","statementMap":{"0":{"start":{"line":1,"column":0},"end":{"line":9,"column":4}},"1":{"start":{"line":5,"column":22},"end":{"line":5,"column":24}},"2":{"start":{"line":6,"column":18},"end":{"line":6,"column":44}},"3":{"start":{"line":8,"column":4},"end":{"line":8,"column":44}}},"fnMap":{"0":{"name":"(anonymous_0)","decl":{"start":{"line":1,"column":27},"end":{"line":1,"column":28}},"loc":{"start":{"line":1,"column":37},"end":{"line":9,"column":3}},"line":1}},"branchMap":{},"s":{"0":1,"1":0,"2":0,"3":0},"f":{"0":0},"b":{},"_coverageSchema":"1a1c01bbd47fc00a2c39e90264f33305004495a9","hash":"9a4705f9b3756a8188fbd87d3ad484e156ddaf5b"}
}
