TN:
SF:src/app.js
FN:12,(anonymous_0)
FNF:1
FNH:0
FNDA:0,(anonymous_0)
DA:1,1
DA:2,1
DA:3,1
DA:5,1
DA:6,1
DA:8,1
DA:9,0
DA:12,1
DA:13,0
DA:16,1
DA:17,1
DA:19,1
DA:20,1
DA:21,1
DA:22,1
DA:24,1
DA:25,1
DA:26,1
DA:27,1
DA:28,1
DA:29,1
DA:31,1
LF:22
LH:20
BRDA:8,0,0,0
BRDA:8,0,1,1
BRF:2
BRH:1
end_of_record
TN:
SF:src/config/db.js
FN:3,(anonymous_0)
FNF:1
FNH:0
FNDA:0,(anonymous_0)
DA:1,1
DA:3,1
DA:4,0
DA:5,0
DA:6,0
DA:8,0
DA:9,0
DA:13,1
LF:8
LH:3
BRF:0
BRH:0
end_of_record
TN:
SF:src/controllers/analyticsController.js
FN:8,(anonymous_0)
FN:70,(anonymous_1)
FNF:2
FNH:2
FNDA:2,(anonymous_0)
FNDA:2,(anonymous_1)
DA:1,1
DA:2,1
DA:8,1
DA:9,2
DA:10,2
DA:12,2
DA:13,1
DA:16,1
DA:17,1
DA:18,0
DA:25,1
DA:27,1
DA:49,1
DA:59,1
DA:60,1
DA:62,0
DA:67,1
DA:68,1
DA:70,2
DA:78,1
DA:80,0
DA:83,1
DA:95,0
DA:96,0
LF:24
LH:19
BRDA:10,0,0,1
BRDA:12,1,0,1
BRDA:12,1,1,1
BRDA:12,2,0,2
BRDA:12,2,1,1
BRDA:17,3,0,0
BRDA:17,3,1,1
BRF:7
BRH:6
end_of_record
TN:
SF:src/controllers/auctionController.js
FN:4,(anonymous_0)
FN:23,(anonymous_1)
FN:40,(anonymous_2)
FN:63,(anonymous_3)
FN:94,(anonymous_4)
FNF:5
FNH:0
FNDA:0,(anonymous_0)
FNDA:0,(anonymous_1)
FNDA:0,(anonymous_2)
FNDA:0,(anonymous_3)
FNDA:0,(anonymous_4)
DA:1,1
DA:4,1
DA:5,0
DA:6,0
DA:13,0
DA:18,0
DA:23,1
DA:24,0
DA:25,0
DA:27,0
DA:28,0
DA:30,0
DA:31,0
DA:37,0
DA:39,0
DA:40,0
DA:41,0
DA:44,0
DA:50,0
DA:52,0
DA:58,0
DA:63,1
DA:64,0
DA:65,0
DA:67,0
DA:70,0
DA:71,0
DA:75,0
DA:76,0
DA:80,0
DA:81,0
DA:82,0
DA:83,0
DA:86,0
DA:87,0
DA:89,0
DA:94,1
DA:95,0
DA:96,0
DA:98,0
DA:100,0
LF:41
LH:5
BRDA:27,0,0,0
BRDA:27,0,1,0
BRDA:30,1,0,0
BRDA:30,1,1,0
BRDA:39,2,0,0
BRDA:39,2,1,0
BRDA:41,3,0,0
BRDA:41,3,1,0
BRDA:70,4,0,0
BRDA:70,4,1,0
BRDA:75,5,0,0
BRDA:75,5,1,0
BRDA:80,6,0,0
BRDA:80,6,1,0
BRDA:80,7,0,0
BRDA:80,7,1,0
BRDA:82,8,0,0
BRDA:82,8,1,0
BRDA:83,9,0,0
BRDA:83,9,1,0
BRF:20
BRH:0
end_of_record
TN:
SF:src/controllers/authController.js
FN:9,(anonymous_0)
FN:32,(anonymous_1)
FN:63,(anonymous_2)
FN:95,(anonymous_3)
FN:151,(anonymous_4)
FNF:5
FNH:0
FNDA:0,(anonymous_0)
FNDA:0,(anonymous_1)
FNDA:0,(anonymous_2)
FNDA:0,(anonymous_3)
FNDA:0,(anonymous_4)
DA:1,1
DA:2,1
DA:3,1
DA:9,1
DA:10,0
DA:11,0
DA:12,0
DA:24,0
DA:32,1
DA:33,0
DA:34,0
DA:36,0
DA:37,0
DA:39,0
DA:43,0
DA:45,0
DA:46,0
DA:47,0
DA:50,0
DA:56,0
DA:63,1
DA:64,0
DA:65,0
DA:67,0
DA:68,0
DA:69,0
DA:72,0
DA:73,0
DA:75,0
DA:77,0
DA:88,0
DA:95,1
DA:96,0
DA:97,0
DA:99,0
DA:100,0
DA:104,0
DA:105,0
DA:108,0
DA:109,0
DA:110,0
DA:113,0
DA:114,0
DA:117,0
DA:118,0
DA:119,0
DA:120,0
DA:122,0
DA:125,0
DA:131,0
DA:144,0
DA:151,1
DA:152,0
DA:153,0
DA:156,0
DA:157,0
DA:161,0
DA:163,0
DA:164,0
DA:168,0
DA:170,0
DA:171,0
DA:175,0
DA:181,0
DA:194,0
LF:65
LH:8
BRDA:37,0,0,0
BRDA:37,0,1,0
BRDA:68,1,0,0
BRDA:68,1,1,0
BRDA:68,2,0,0
BRDA:68,2,1,0
BRDA:99,3,0,0
BRDA:99,3,1,0
BRDA:99,4,0,0
BRDA:99,4,1,0
BRDA:99,4,2,0
BRDA:99,4,3,0
BRDA:104,5,0,0
BRDA:104,5,1,0
BRDA:109,6,0,0
BRDA:109,6,1,0
BRDA:113,7,0,0
BRDA:113,7,1,0
BRDA:156,8,0,0
BRDA:156,8,1,0
BRDA:156,9,0,0
BRDA:156,9,1,0
BRDA:163,10,0,0
BRDA:163,10,1,0
BRDA:170,11,0,0
BRDA:170,11,1,0
BRF:26
BRH:0
end_of_record
TN:
SF:src/controllers/chatController.js
FN:5,(anonymous_0)
FN:42,(anonymous_1)
FN:55,(anonymous_2)
FN:67,(anonymous_3)
FNF:4
FNH:0
FNDA:0,(anonymous_0)
FNDA:0,(anonymous_1)
FNDA:0,(anonymous_2)
FNDA:0,(anonymous_3)
DA:1,1
DA:2,1
DA:5,1
DA:6,0
DA:7,0
DA:8,0
DA:10,0
DA:11,0
DA:15,0
DA:19,0
DA:20,0
DA:23,0
DA:25,0
DA:26,0
DA:31,0
DA:34,0
DA:37,0
DA:42,1
DA:43,0
DA:44,0
DA:46,0
DA:50,0
DA:51,0
DA:55,0
DA:56,0
DA:57,0
DA:60,0
DA:62,0
DA:67,1
DA:70,0
DA:71,0
DA:76,0
DA:81,0
DA:83,0
LF:34
LH:5
BRDA:10,0,0,0
BRDA:10,0,1,0
BRDA:19,1,0,0
BRDA:19,1,1,0
BRDA:25,2,0,0
BRDA:25,2,1,0
BRDA:28,3,0,0
BRDA:28,3,1,0
BRDA:50,4,0,0
BRDA:50,4,1,0
BRDA:56,5,0,0
BRDA:56,5,1,0
BRDA:71,6,0,0
BRDA:71,6,1,0
BRF:14
BRH:0
end_of_record
TN:
SF:src/controllers/dealController.js
FN:5,(anonymous_0)
FN:35,(anonymous_1)
FN:70,(anonymous_2)
FN:104,(anonymous_3)
FN:124,(anonymous_4)
FNF:5
FNH:0
FNDA:0,(anonymous_0)
FNDA:0,(anonymous_1)
FNDA:0,(anonymous_2)
FNDA:0,(anonymous_3)
FNDA:0,(anonymous_4)
DA:1,1
DA:2,1
DA:5,1
DA:6,0
DA:7,0
DA:8,0
DA:11,0
DA:12,0
DA:15,0
DA:27,0
DA:30,0
DA:35,1
DA:36,0
DA:37,0
DA:38,0
DA:40,0
DA:41,0
DA:44,0
DA:45,0
DA:49,0
DA:50,0
DA:51,0
DA:52,0
DA:55,0
DA:60,0
DA:62,0
DA:65,0
DA:70,1
DA:71,0
DA:72,0
DA:73,0
DA:75,0
DA:76,0
DA:80,0
DA:81,0
DA:82,0
DA:83,0
DA:89,0
DA:90,0
DA:93,0
DA:94,0
DA:96,0
DA:99,0
DA:104,1
DA:105,0
DA:106,0
DA:107,0
DA:109,0
DA:110,0
DA:113,0
DA:114,0
DA:116,0
DA:119,0
DA:124,1
DA:125,0
DA:126,0
DA:130,0
DA:133,0
DA:134,0
DA:135,0
DA:138,0
DA:140,0
LF:62
LH:7
BRDA:11,0,0,0
BRDA:11,0,1,0
BRDA:11,1,0,0
BRDA:11,1,1,0
BRDA:11,1,2,0
BRDA:11,1,3,0
BRDA:41,2,0,0
BRDA:41,2,1,0
BRDA:44,3,0,0
BRDA:44,3,1,0
BRDA:73,4,0,0
BRDA:73,4,1,0
BRDA:75,5,0,0
BRDA:75,5,1,0
BRDA:80,6,0,0
BRDA:80,6,1,0
BRDA:89,7,0,0
BRDA:89,7,1,0
BRDA:107,8,0,0
BRDA:107,8,1,0
BRDA:109,9,0,0
BRDA:109,9,1,0
BRDA:130,10,0,0
BRDA:130,10,1,0
BRDA:133,11,0,0
BRDA:133,11,1,0
BRDA:133,12,0,0
BRDA:133,12,1,0
BRF:28
BRH:0
end_of_record
TN:
SF:src/controllers/inventoryController.js
FN:5,(anonymous_0)
FN:43,(anonymous_1)
FN:57,(anonymous_2)
FN:81,(anonymous_3)
FN:107,(anonymous_4)
FN:129,(anonymous_5)
FN:139,(anonymous_6)
FNF:7
FNH:0
FNDA:0,(anonymous_0)
FNDA:0,(anonymous_1)
FNDA:0,(anonymous_2)
FNDA:0,(anonymous_3)
FNDA:0,(anonymous_4)
FNDA:0,(anonymous_5)
FNDA:0,(anonymous_6)
DA:1,1
DA:2,1
DA:5,1
DA:6,0
DA:7,0
DA:10,0
DA:11,0
DA:14,0
DA:21,0
DA:22,0
DA:25,0
DA:26,0
DA:28,0
DA:29,0
DA:32,0
DA:33,0
DA:35,0
DA:37,0
DA:38,0
DA:43,1
DA:44,0
DA:45,0
DA:46,0
DA:49,0
DA:50,0
DA:53,0
DA:56,0
DA:57,0
DA:58,0
DA:59,0
DA:61,0
DA:65,0
DA:66,0
DA:68,0
DA:70,0
DA:73,0
DA:75,0
DA:76,0
DA:81,1
DA:82,0
DA:83,0
DA:84,0
DA:86,0
DA:87,0
DA:88,0
DA:92,0
DA:93,0
DA:94,0
DA:95,0
DA:96,0
DA:98,0
DA:99,0
DA:101,0
DA:102,0
DA:107,1
DA:108,0
DA:109,0
DA:111,0
DA:117,0
DA:118,0
DA:121,0
DA:123,0
DA:124,0
DA:129,1
DA:130,0
DA:132,0
DA:138,0
DA:139,0
DA:140,0
DA:141,0
DA:142,0
DA:143,0
DA:146,0
DA:153,0
DA:154,0
LF:75
LH:7
BRDA:10,0,0,0
BRDA:10,0,1,0
BRDA:21,1,0,0
BRDA:21,1,1,0
BRDA:22,2,0,0
BRDA:22,2,1,0
BRDA:25,3,0,0
BRDA:25,3,1,0
BRDA:29,4,0,0
BRDA:29,4,1,0
BRDA:49,5,0,0
BRDA:49,5,1,0
BRDA:59,6,0,0
BRDA:59,6,1,0
BRDA:87,7,0,0
BRDA:87,7,1,0
BRDA:92,8,0,0
BRDA:92,8,1,0
BRDA:93,9,0,0
BRDA:93,9,1,0
BRDA:94,10,0,0
BRDA:94,10,1,0
BRDA:95,11,0,0
BRDA:95,11,1,0
BRDA:96,12,0,0
BRDA:96,12,1,0
BRDA:117,13,0,0
BRDA:117,13,1,0
BRF:28
BRH:0
end_of_record
TN:
SF:src/controllers/mandiController.js
FN:7,(anonymous_0)
FN:20,(anonymous_1)
FN:41,(anonymous_2)
FN:91,(anonymous_3)
FN:116,(anonymous_4)
FNF:5
FNH:0
FNDA:0,(anonymous_0)
FNDA:0,(anonymous_1)
FNDA:0,(anonymous_2)
FNDA:0,(anonymous_3)
FNDA:0,(anonymous_4)
DA:1,1
DA:2,1
DA:7,1
DA:8,0
DA:9,0
DA:13,0
DA:18,0
DA:19,0
DA:20,0
DA:22,0
DA:27,0
DA:32,0
DA:41,1
DA:42,0
DA:43,0
DA:46,0
DA:48,0
DA:49,0
DA:52,0
DA:53,0
DA:56,0
DA:81,0
DA:87,0
DA:91,1
DA:92,0
DA:93,0
DA:95,0
DA:97,0
DA:99,0
DA:101,0
DA:104,0
DA:105,0
DA:107,0
DA:110,0
DA:114,0
DA:116,0
DA:122,0
DA:128,0
LF:38
LH:5
BRDA:18,0,0,0
BRDA:18,0,1,0
BRDA:43,1,0,0
BRDA:46,2,0,0
BRDA:46,2,1,0
BRDA:46,3,0,0
BRDA:46,3,1,0
BRDA:46,3,2,0
BRDA:46,3,3,0
BRDA:52,4,0,0
BRDA:52,4,1,0
BRDA:52,5,0,0
BRDA:52,5,1,0
BRDA:97,6,0,0
BRDA:97,6,1,0
BRDA:99,7,0,0
BRDA:99,7,1,0
BRDA:104,8,0,0
BRDA:104,8,1,0
BRDA:114,9,0,0
BRDA:114,9,1,0
BRDA:114,10,0,0
BRDA:114,10,1,0
BRF:23
BRH:0
end_of_record
TN:
SF:src/controllers/multimodalController.js
FN:4,(anonymous_0)
FN:23,(anonymous_1)
FNF:2
FNH:0
FNDA:0,(anonymous_0)
FNDA:0,(anonymous_1)
DA:1,1
DA:4,1
DA:5,0
DA:7,0
DA:9,0
DA:10,0
DA:11,0
DA:13,0
DA:16,0
DA:23,1
DA:24,0
DA:27,0
DA:28,0
DA:32,0
DA:33,0
DA:34,0
DA:35,0
DA:37,0
DA:40,0
LF:19
LH:3
BRDA:9,0,0,0
BRDA:9,0,1,0
BRDA:28,1,0,0
BRDA:28,1,1,0
BRDA:32,2,0,0
BRDA:32,2,1,0
BRDA:34,3,0,0
BRDA:34,3,1,0
BRF:8
BRH:0
end_of_record
TN:
SF:src/controllers/userController.js
FN:4,(anonymous_0)
FN:14,(anonymous_1)
FN:24,(anonymous_2)
FN:55,(anonymous_3)
FN:95,(anonymous_4)
FN:111,(anonymous_5)
FN:154,(anonymous_6)
FN:184,(anonymous_7)
FNF:8
FNH:0
FNDA:0,(anonymous_0)
FNDA:0,(anonymous_1)
FNDA:0,(anonymous_2)
FNDA:0,(anonymous_3)
FNDA:0,(anonymous_4)
FNDA:0,(anonymous_5)
FNDA:0,(anonymous_6)
FNDA:0,(anonymous_7)
DA:1,1
DA:4,1
DA:5,0
DA:6,0
DA:7,0
DA:9,0
DA:14,1
DA:15,0
DA:16,0
DA:17,0
DA:19,0
DA:24,1
DA:25,0
DA:26,0
DA:28,0
DA:29,0
DA:32,0
DA:33,0
DA:34,0
DA:37,0
DA:38,0
DA:39,0
DA:41,0
DA:43,0
DA:50,0
DA:55,1
DA:56,0
DA:57,0
DA:58,0
DA:60,0
DA:61,0
DA:64,0
DA:65,0
DA:66,0
DA:69,0
DA:70,0
DA:73,0
DA:74,0
DA:77,0
DA:79,0
DA:90,0
DA:95,1
DA:96,0
DA:97,0
DA:99,0
DA:100,0
DA:102,0
DA:107,0
DA:111,1
DA:112,0
DA:113,0
DA:115,0
DA:116,0
DA:119,0
DA:120,0
DA:121,0
DA:125,0
DA:131,0
DA:132,0
DA:135,0
DA:137,0
DA:149,0
DA:154,1
DA:155,0
DA:156,0
DA:158,0
DA:159,0
DA:160,0
DA:163,0
DA:164,0
DA:166,0
DA:168,0
DA:179,0
DA:184,1
DA:185,0
DA:186,0
DA:190,0
DA:191,0
DA:194,0
DA:199,0
LF:80
LH:9
BRDA:28,0,0,0
BRDA:28,0,1,0
BRDA:28,1,0,0
BRDA:28,1,1,0
BRDA:33,2,0,0
BRDA:33,2,1,0
BRDA:60,3,0,0
BRDA:60,3,1,0
BRDA:65,4,0,0
BRDA:65,4,1,0
BRDA:70,5,0,0
BRDA:70,5,1,0
BRDA:73,6,0,0
BRDA:73,6,1,0
BRDA:73,7,0,0
BRDA:73,7,1,0
BRDA:99,8,0,0
BRDA:99,8,1,0
BRDA:115,9,0,0
BRDA:115,9,1,0
BRDA:115,10,0,0
BRDA:115,10,1,0
BRDA:120,11,0,0
BRDA:120,11,1,0
BRDA:131,12,0,0
BRDA:131,12,1,0
BRDA:159,13,0,0
BRDA:159,13,1,0
BRDA:163,14,0,0
BRDA:163,14,1,0
BRDA:164,15,0,0
BRDA:164,15,1,0
BRDA:190,16,0,0
BRDA:190,16,1,0
BRF:34
BRH:0
end_of_record
TN:
SF:src/controllers/watchlistController.js
FN:4,(anonymous_0)
FN:32,(anonymous_1)
FN:46,(anonymous_2)
FNF:3
FNH:0
FNDA:0,(anonymous_0)
FNDA:0,(anonymous_1)
FNDA:0,(anonymous_2)
DA:1,1
DA:4,1
DA:5,0
DA:6,0
DA:8,0
DA:9,0
DA:12,0
DA:18,0
DA:24,0
DA:25,0
DA:27,0
DA:32,1
DA:33,0
DA:34,0
DA:35,0
DA:41,0
DA:46,1
DA:47,0
DA:48,0
DA:53,0
DA:54,0
DA:57,0
DA:62,0
LF:23
LH:4
BRDA:8,0,0,0
BRDA:8,0,1,0
BRDA:8,1,0,0
BRDA:8,1,1,0
BRDA:24,2,0,0
BRDA:24,2,1,0
BRDA:53,3,0,0
BRDA:53,3,1,0
BRF:8
BRH:0
end_of_record
TN:
SF:src/middleware/authMiddleware.js
FN:5,(anonymous_0)
FN:43,(anonymous_1)
FN:44,(anonymous_2)
FN:55,(anonymous_3)
FNF:4
FNH:2
FNDA:2,(anonymous_0)
FNDA:3,(anonymous_1)
FNDA:0,(anonymous_2)
FNDA:0,(anonymous_3)
DA:1,1
DA:2,1
DA:5,1
DA:8,2
DA:9,2
DA:12,2
DA:13,0
DA:19,2
DA:21,2
DA:24,2
DA:26,2
DA:27,0
DA:33,2
DA:35,0
DA:43,1
DA:44,3
DA:45,0
DA:46,0
DA:51,0
DA:55,1
DA:56,0
DA:57,0
DA:62,0
LF:23
LH:14
BRDA:8,0,0,2
BRDA:8,0,1,0
BRDA:8,1,0,2
BRDA:8,1,1,2
BRDA:12,2,0,0
BRDA:12,2,1,2
BRDA:26,3,0,0
BRDA:26,3,1,2
BRDA:45,4,0,0
BRDA:45,4,1,0
BRDA:56,5,0,0
BRDA:56,5,1,0
BRF:12
BRH:5
end_of_record
TN:
SF:src/models/Auction.js
FNF:0
FNH:0
DA:1,1
DA:3,1
DA:19,1
DA:61,1
LF:4
LH:4
BRF:0
BRH:0
end_of_record
TN:
SF:src/models/Chat.js
FNF:0
FNH:0
DA:1,1
DA:3,1
DA:28,1
DA:44,1
DA:46,1
LF:5
LH:5
BRF:0
BRH:0
end_of_record
TN:
SF:src/models/Deal.js
FN:56,(anonymous_0)
FNF:1
FNH:0
FNDA:0,(anonymous_0)
DA:1,1
DA:3,1
DA:56,1
DA:57,0
DA:58,0
DA:59,0
DA:63,1
LF:7
LH:4
BRDA:57,0,0,0
BRDA:57,0,1,0
BRDA:57,1,0,0
BRDA:57,1,1,0
BRDA:57,1,2,0
BRF:5
BRH:0
end_of_record
TN:
SF:src/models/Inventory.js
FNF:0
FNH:0
DA:1,1
DA:3,1
DA:37,1
LF:3
LH:3
BRF:0
BRH:0
end_of_record
TN:
SF:src/models/LanguagePreference.js
FNF:0
FNH:0
DA:1,1
DA:3,1
DA:15,1
LF:3
LH:3
BRF:0
BRH:0
end_of_record
TN:
SF:src/models/MandiPrice.js
FNF:0
FNH:0
DA:1,1
DA:3,1
DA:44,1
DA:46,1
LF:4
LH:4
BRF:0
BRH:0
end_of_record
TN:
SF:src/models/User.js
FN:82,(anonymous_0)
FN:91,(anonymous_1)
FNF:2
FNH:1
FNDA:1,(anonymous_0)
FNDA:0,(anonymous_1)
DA:1,1
DA:3,1
DA:80,1
DA:82,1
DA:83,1
DA:84,0
DA:86,1
DA:87,1
DA:91,1
DA:92,0
DA:96,1
DA:98,1
LF:12
LH:10
BRDA:83,0,0,0
BRDA:83,0,1,1
BRF:2
BRH:1
end_of_record
TN:
SF:src/models/Watchlist.js
FNF:0
FNH:0
DA:1,1
DA:3,1
DA:24,1
DA:26,1
LF:4
LH:4
BRF:0
BRH:0
end_of_record
TN:
SF:src/routes/analyticsRoutes.js
FNF:0
FNH:0
DA:1,1
DA:2,1
DA:3,1
DA:4,1
DA:43,1
DA:45,1
LF:6
LH:6
BRF:0
BRH:0
end_of_record
TN:
SF:src/routes/auctionRoutes.js
FNF:0
FNH:0
DA:1,1
DA:2,1
DA:9,1
DA:15,1
DA:18,1
DA:27,1
DA:36,1
DA:44,1
DA:50,1
LF:9
LH:9
BRF:0
BRH:0
end_of_record
TN:
SF:src/routes/authRoutes.js
FNF:0
FNH:0
DA:1,1
DA:2,1
DA:3,1
DA:6,1
DA:7,1
DA:8,1
DA:9,1
DA:11,1
LF:8
LH:8
BRF:0
BRH:0
end_of_record
TN:
SF:src/routes/chatRoutes.js
FNF:0
FNH:0
DA:1,1
DA:2,1
DA:3,1
DA:4,1
DA:6,1
DA:8,1
DA:9,1
DA:10,1
DA:12,1
LF:9
LH:9
BRF:0
BRH:0
end_of_record
TN:
SF:src/routes/dealRoutes.js
FNF:0
FNH:0
DA:1,1
DA:2,1
DA:3,1
DA:4,1
DA:6,1
DA:8,1
DA:9,1
DA:10,1
DA:11,1
DA:12,1
DA:14,1
LF:11
LH:11
BRF:0
BRH:0
end_of_record
TN:
SF:src/routes/inventoryRoutes.js
FNF:0
FNH:0
DA:1,1
DA:2,1
DA:3,1
DA:4,1
DA:7,1
DA:10,1
DA:13,1
DA:16,1
DA:19,1
DA:22,1
DA:24,1
LF:11
LH:11
BRF:0
BRH:0
end_of_record
TN:
SF:src/routes/mandiRoutes.js
FNF:0
FNH:0
DA:1,1
DA:2,1
DA:3,1
DA:7,1
DA:10,1
DA:20,1
DA:24,1
DA:26,1
LF:8
LH:8
BRF:0
BRH:0
end_of_record
TN:
SF:src/routes/multimodalRoutes.js
FNF:0
FNH:0
DA:1,1
DA:2,1
DA:3,1
DA:7,1
DA:10,1
DA:17,1
DA:24,1
LF:7
LH:7
BRF:0
BRH:0
end_of_record
TN:
SF:src/routes/userRoutes.js
FNF:0
FNH:0
DA:1,1
DA:2,1
DA:3,1
DA:4,1
DA:7,1
DA:10,1
DA:17,1
DA:24,1
DA:32,1
DA:39,1
DA:46,1
DA:53,1
DA:58,1
LF:13
LH:13
BRF:0
BRH:0
end_of_record
TN:
SF:src/routes/watchlistRoutes.js
FNF:0
FNH:0
DA:1,1
DA:2,1
DA:3,1
DA:4,1
DA:7,1
DA:9,1
DA:10,1
DA:11,1
DA:13,1
LF:9
LH:9
BRF:0
BRH:0
end_of_record
TN:
SF:src/services/trustService.js
FN:1,(anonymous_0)
FNF:1
FNH:0
FNDA:0,(anonymous_0)
DA:1,1
DA:5,0
DA:6,0
DA:8,0
LF:4
LH:1
BRF:0
BRH:0
end_of_record
